#
# There is insufficient memory for the Java Runtime Environment to continue.
# Native memory allocation (malloc) failed to allocate 1940944 bytes. Error detail: Chunk::new
# Possible reasons:
#   The system is out of physical RAM or swap space
#   This process is running with CompressedOops enabled, and the Java Heap may be blocking the growth of the native heap
# Possible solutions:
#   Reduce memory load on the system
#   Increase physical memory or swap space
#   Check if swap backing store is full
#   Decrease Java heap size (-Xmx/-Xms)
#   Decrease number of Java threads
#   Decrease Java thread stack sizes (-Xss)
#   Set larger code cache with -XX:ReservedCodeCacheSize=
#   JVM is running with Unscaled Compressed Oops mode in which the Java heap is
#     placed in the first 4GB address space. The Java Heap base address is the
#     maximum limit for the native heap growth. Please use -XX:HeapBaseMinAddress
#     to set the Java Heap base and to place the Java Heap above 4GB virtual address.
# This output file may be truncated or incomplete.
#
#  Out of Memory Error (arena.cpp:150), pid=31672, tid=52412
#
# JRE version: Java(TM) SE Runtime Environment (22.0.1+8) (build 22.0.1+8-16)
# Java VM: Java HotSpot(TM) 64-Bit Server VM (22.0.1+8-16, mixed mode, sharing, tiered, compressed oops, compressed class ptrs, parallel gc, windows-amd64)
# No core dump will be written. Minidumps are not enabled by default on client versions of Windows
#

---------------  S U M M A R Y ------------

Command Line: --add-modules=ALL-SYSTEM --add-opens=java.base/java.util=ALL-UNNAMED --add-opens=java.base/java.lang=ALL-UNNAMED --add-opens=java.base/sun.nio.fs=ALL-UNNAMED -Declipse.application=org.eclipse.jdt.ls.core.id1 -Dosgi.bundles.defaultStartLevel=4 -Declipse.product=org.eclipse.jdt.ls.core.product -Djava.import.generatesMetadataFilesAtProjectRoot=false -DDetectVMInstallationsJob.disabled=true -Dfile.encoding=utf8 -Xlog:disable -XX:+UseParallelGC -XX:GCTimeRatio=4 -XX:AdaptiveSizePolicyWeight=90 -Dsun.zip.disableMemoryMapping=true -Xmx1G -Xms100m -javaagent:c:\Users\boris\.vscode\extensions\redhat.java-1.43.1\lombok\lombok-1.18.39-4050.jar -XX:+HeapDumpOnOutOfMemoryError -XX:HeapDumpPath=c:\Users\boris\AppData\Roaming\Code\User\workspaceStorage\5e1fdd7b3f4ec2f9fcfb196862a3b336\redhat.java -Daether.dependencyCollector.impl=bf c:\Users\boris\.vscode\extensions\redhat.java-1.43.1\server\plugins\org.eclipse.equinox.launcher_1.7.0.v20250519-0528.jar -configuration c:\Users\boris\AppData\Roaming\Code\User\globalStorage\redhat.java\1.43.1\config_win -data c:\Users\boris\AppData\Roaming\Code\User\workspaceStorage\5e1fdd7b3f4ec2f9fcfb196862a3b336\redhat.java\jdt_ws --pipe=\\.\pipe\lsp-3e1c5d3379ee885420ceb6cad2f97575-sock

Host: AMD Ryzen 7 5700U with Radeon Graphics         , 16 cores, 15G,  Windows 11 , 64 bit Build 26100 (10.0.26100.4484)
Time: Thu Jul  3 06:50:45 2025 W. Central Africa Standard Time elapsed time: 12.466109 seconds (0d 0h 0m 12s)

---------------  T H R E A D  ---------------

Current thread (0x00000252582c4d20):  JavaThread "C2 CompilerThread1" daemon [_thread_in_native, id=52412, stack(0x000000f010e00000,0x000000f010f00000) (1024K)]


Current CompileTask:
C2:12466 4638       4       org.lombokweb.asm.ClassReader::readMethod (1070 bytes)

Stack: [0x000000f010e00000,0x000000f010f00000]
Native frames: (J=compiled Java code, j=interpreted, Vv=VM code, C=native code)
V  [jvm.dll+0x6e2279]  (no source info available)
V  [jvm.dll+0x874e33]  (no source info available)
V  [jvm.dll+0x87725e]  (no source info available)
V  [jvm.dll+0x877933]  (no source info available)
V  [jvm.dll+0x27fd76]  (no source info available)
V  [jvm.dll+0xc3d0f]  (no source info available)
V  [jvm.dll+0xc3f6b]  (no source info available)
V  [jvm.dll+0x3bb10c]  (no source info available)
V  [jvm.dll+0x1df87e]  (no source info available)
V  [jvm.dll+0x247a5c]  (no source info available)
V  [jvm.dll+0x246fbf]  (no source info available)
V  [jvm.dll+0x1c4e90]  (no source info available)
V  [jvm.dll+0x2569fe]  (no source info available)
V  [jvm.dll+0x254cba]  (no source info available)
V  [jvm.dll+0x3f5336]  (no source info available)
V  [jvm.dll+0x81d44b]  (no source info available)
V  [jvm.dll+0x6e0915]  (no source info available)
C  [ucrtbase.dll+0x37b0]  (no source info available)
C  [KERNEL32.DLL+0x2e8d7]  (no source info available)
C  [ntdll.dll+0x3c34c]  (no source info available)


---------------  P R O C E S S  ---------------

Threads class SMR info:
_java_thread_list=0x0000025259539910, length=47, elements={
0x000002526a52f1c0, 0x000002526c96e360, 0x00000252501ea1c0, 0x00000252501f6660,
0x00000252501f72c0, 0x00000252501f9e30, 0x00000252501fa890, 0x00000252501fb6d0,
0x00000252516c9530, 0x000002525178f7d0, 0x000002525188d280, 0x0000025251942720,
0x0000025251a30c00, 0x0000025257840900, 0x0000025257997890, 0x0000025257848200,
0x000002525784c880, 0x000002525784db30, 0x000002525784e1a0, 0x0000025257963780,
0x00000252578b7f30, 0x00000252578b92e0, 0x00000252578b8c50, 0x00000252578b9970,
0x00000252578ba000, 0x00000252578ba690, 0x00000252578b7210, 0x00000252578b78a0,
0x0000025257eb6f80, 0x0000025257eb9d70, 0x0000025257eba400, 0x0000025257eb7ca0,
0x0000025257eb9050, 0x0000025257ebaa90, 0x0000025257eb8330, 0x0000025257eb96e0,
0x0000025257eb7610, 0x0000025257ebbe40, 0x0000025257ebd1f0, 0x0000025258f67ac0,
0x00000252582c4d20, 0x00000252593cf330, 0x0000025257ebdf10, 0x0000025258f0f760,
0x0000025257ebcb60, 0x0000025257ebb120, 0x0000025257ebc4d0
}

Java Threads: ( => current thread )
  0x000002526a52f1c0 JavaThread "main"                              [_thread_blocked, id=49032, stack(0x000000f00d800000,0x000000f00d900000) (1024K)]
  0x000002526c96e360 JavaThread "Reference Handler"          daemon [_thread_blocked, id=36876, stack(0x000000f00dc00000,0x000000f00dd00000) (1024K)]
  0x00000252501ea1c0 JavaThread "Finalizer"                  daemon [_thread_blocked, id=27372, stack(0x000000f00dd00000,0x000000f00de00000) (1024K)]
  0x00000252501f6660 JavaThread "Signal Dispatcher"          daemon [_thread_blocked, id=32208, stack(0x000000f00de00000,0x000000f00df00000) (1024K)]
  0x00000252501f72c0 JavaThread "Attach Listener"            daemon [_thread_blocked, id=34772, stack(0x000000f00df00000,0x000000f00e000000) (1024K)]
  0x00000252501f9e30 JavaThread "Service Thread"             daemon [_thread_blocked, id=31276, stack(0x000000f00e000000,0x000000f00e100000) (1024K)]
  0x00000252501fa890 JavaThread "Monitor Deflation Thread"   daemon [_thread_blocked, id=45120, stack(0x000000f00e100000,0x000000f00e200000) (1024K)]
  0x00000252501fb6d0 JavaThread "C2 CompilerThread0"         daemon [_thread_in_native, id=40424, stack(0x000000f00e200000,0x000000f00e300000) (1024K)]
  0x00000252516c9530 JavaThread "C1 CompilerThread0"         daemon [_thread_blocked, id=33196, stack(0x000000f00e300000,0x000000f00e400000) (1024K)]
  0x000002525178f7d0 JavaThread "C1 CompilerThread1"         daemon [_thread_blocked, id=44536, stack(0x000000f00e400000,0x000000f00e500000) (1024K)]
  0x000002525188d280 JavaThread "Common-Cleaner"             daemon [_thread_blocked, id=49060, stack(0x000000f00e500000,0x000000f00e600000) (1024K)]
  0x0000025251942720 JavaThread "C1 CompilerThread2"         daemon [_thread_blocked, id=49816, stack(0x000000f00e700000,0x000000f00e800000) (1024K)]
  0x0000025251a30c00 JavaThread "Notification Thread"        daemon [_thread_blocked, id=24284, stack(0x000000f00e600000,0x000000f00e700000) (1024K)]
  0x0000025257840900 JavaThread "Equinox resolver thread - Equinox Container: 01dd9f52-3c1f-433d-a0d2-f06d7e9b5141" daemon [_thread_blocked, id=46436, stack(0x000000f00ef00000,0x000000f00f000000) (1024K)]
  0x0000025257997890 JavaThread "Equinox resolver thread - Equinox Container: 01dd9f52-3c1f-433d-a0d2-f06d7e9b5141" daemon [_thread_blocked, id=34448, stack(0x000000f00f000000,0x000000f00f100000) (1024K)]
  0x0000025257848200 JavaThread "Equinox resolver thread - Equinox Container: 01dd9f52-3c1f-433d-a0d2-f06d7e9b5141" daemon [_thread_blocked, id=47688, stack(0x000000f00f100000,0x000000f00f200000) (1024K)]
  0x000002525784c880 JavaThread "Equinox resolver thread - Equinox Container: 01dd9f52-3c1f-433d-a0d2-f06d7e9b5141" daemon [_thread_blocked, id=44296, stack(0x000000f00f200000,0x000000f00f300000) (1024K)]
  0x000002525784db30 JavaThread "Equinox resolver thread - Equinox Container: 01dd9f52-3c1f-433d-a0d2-f06d7e9b5141" daemon [_thread_blocked, id=38704, stack(0x000000f00f300000,0x000000f00f400000) (1024K)]
  0x000002525784e1a0 JavaThread "Equinox resolver thread - Equinox Container: 01dd9f52-3c1f-433d-a0d2-f06d7e9b5141" daemon [_thread_blocked, id=29944, stack(0x000000f00f400000,0x000000f00f500000) (1024K)]
  0x0000025257963780 JavaThread "Active Thread: Equinox Container: 01dd9f52-3c1f-433d-a0d2-f06d7e9b5141"        [_thread_blocked, id=45560, stack(0x000000f00f500000,0x000000f00f600000) (1024K)]
  0x00000252578b7f30 JavaThread "Framework Event Dispatcher: Equinox Container: 01dd9f52-3c1f-433d-a0d2-f06d7e9b5141" daemon [_thread_blocked, id=53156, stack(0x000000f00f600000,0x000000f00f700000) (1024K)]
  0x00000252578b92e0 JavaThread "Start Level: Equinox Container: 01dd9f52-3c1f-433d-a0d2-f06d7e9b5141" daemon [_thread_in_vm, id=51256, stack(0x000000f00f700000,0x000000f00f800000) (1024K)]
  0x00000252578b8c50 JavaThread "Refresh Thread: Equinox Container: 01dd9f52-3c1f-433d-a0d2-f06d7e9b5141" daemon [_thread_blocked, id=20224, stack(0x000000f00f900000,0x000000f00fa00000) (1024K)]
  0x00000252578b9970 JavaThread "Equinox resolver thread - Equinox Container: 01dd9f52-3c1f-433d-a0d2-f06d7e9b5141" daemon [_thread_blocked, id=31472, stack(0x000000f00fb00000,0x000000f00fc00000) (1024K)]
  0x00000252578ba000 JavaThread "Equinox resolver thread - Equinox Container: 01dd9f52-3c1f-433d-a0d2-f06d7e9b5141" daemon [_thread_blocked, id=41640, stack(0x000000f00fc00000,0x000000f00fd00000) (1024K)]
  0x00000252578ba690 JavaThread "Equinox resolver thread - Equinox Container: 01dd9f52-3c1f-433d-a0d2-f06d7e9b5141" daemon [_thread_blocked, id=932, stack(0x000000f00fd00000,0x000000f00fe00000) (1024K)]
  0x00000252578b7210 JavaThread "Equinox resolver thread - Equinox Container: 01dd9f52-3c1f-433d-a0d2-f06d7e9b5141" daemon [_thread_blocked, id=30704, stack(0x000000f00fe00000,0x000000f00ff00000) (1024K)]
  0x00000252578b78a0 JavaThread "Equinox resolver thread - Equinox Container: 01dd9f52-3c1f-433d-a0d2-f06d7e9b5141" daemon [_thread_blocked, id=51884, stack(0x000000f00ff00000,0x000000f010000000) (1024K)]
  0x0000025257eb6f80 JavaThread "Equinox resolver thread - Equinox Container: 01dd9f52-3c1f-433d-a0d2-f06d7e9b5141" daemon [_thread_blocked, id=2304, stack(0x000000f010000000,0x000000f010100000) (1024K)]
  0x0000025257eb9d70 JavaThread "Equinox resolver thread - Equinox Container: 01dd9f52-3c1f-433d-a0d2-f06d7e9b5141" daemon [_thread_blocked, id=1096, stack(0x000000f010100000,0x000000f010200000) (1024K)]
  0x0000025257eba400 JavaThread "Equinox resolver thread - Equinox Container: 01dd9f52-3c1f-433d-a0d2-f06d7e9b5141" daemon [_thread_blocked, id=3640, stack(0x000000f010200000,0x000000f010300000) (1024K)]
  0x0000025257eb7ca0 JavaThread "Equinox resolver thread - Equinox Container: 01dd9f52-3c1f-433d-a0d2-f06d7e9b5141" daemon [_thread_blocked, id=42904, stack(0x000000f010300000,0x000000f010400000) (1024K)]
  0x0000025257eb9050 JavaThread "Equinox resolver thread - Equinox Container: 01dd9f52-3c1f-433d-a0d2-f06d7e9b5141" daemon [_thread_blocked, id=43272, stack(0x000000f010400000,0x000000f010500000) (1024K)]
  0x0000025257ebaa90 JavaThread "Bundle File Closer"         daemon [_thread_blocked, id=39856, stack(0x000000f010800000,0x000000f010900000) (1024K)]
  0x0000025257eb8330 JavaThread "SCR Component Actor"        daemon [_thread_blocked, id=45148, stack(0x000000f00fa00000,0x000000f00fb00000) (1024K)]
  0x0000025257eb96e0 JavaThread "SCR Component Registry"     daemon [_thread_blocked, id=52448, stack(0x000000f010900000,0x000000f010a00000) (1024K)]
  0x0000025257eb7610 JavaThread "Worker-JM"                         [_thread_blocked, id=47212, stack(0x000000f010a00000,0x000000f010b00000) (1024K)]
  0x0000025257ebbe40 JavaThread "Worker-0: Updating Maven Dependencies"        [_thread_blocked, id=47632, stack(0x000000f010c00000,0x000000f010d00000) (1024K)]
  0x0000025257ebd1f0 JavaThread "Worker-1: Repository registry initialization"        [_thread_in_vm, id=32580, stack(0x000000f010d00000,0x000000f010e00000) (1024K)]
  0x0000025258f67ac0 JavaThread "C1 CompilerThread3"         daemon [_thread_blocked, id=17636, stack(0x000000f011000000,0x000000f011100000) (1024K)]
=>0x00000252582c4d20 JavaThread "C2 CompilerThread1"         daemon [_thread_in_native, id=52412, stack(0x000000f010e00000,0x000000f010f00000) (1024K)]
  0x00000252593cf330 JavaThread "C2 CompilerThread2"         daemon [_thread_in_native, id=10192, stack(0x000000f010f00000,0x000000f011000000) (1024K)]
  0x0000025257ebdf10 JavaThread "Worker-2"                          [_thread_blocked, id=34836, stack(0x000000f011100000,0x000000f011200000) (1024K)]
  0x0000025258f0f760 JavaThread "C2 CompilerThread3"         daemon [_thread_in_native, id=50836, stack(0x000000f011200000,0x000000f011300000) (1024K)]
  0x0000025257ebcb60 JavaThread "Worker-3"                          [_thread_blocked, id=28144, stack(0x000000f011300000,0x000000f011400000) (1024K)]
  0x0000025257ebb120 JavaThread "Java indexing"              daemon [_thread_blocked, id=8108, stack(0x000000f011400000,0x000000f011500000) (1024K)]
  0x0000025257ebc4d0 JavaThread "JNA Cleaner"                daemon [_thread_blocked, id=42652, stack(0x000000f011500000,0x000000f011600000) (1024K)]
Total: 47

Other Threads:
  0x00000252501e3dc0 VMThread "VM Thread"                           [id=44616, stack(0x000000f00db00000,0x000000f00dc00000) (1024K)]
  0x00000252500dcb20 WatcherThread "VM Periodic Task Thread"        [id=36664, stack(0x000000f00da00000,0x000000f00db00000) (1024K)]
  0x000002526c8cfdb0 WorkerThread "GC Thread#0"                     [id=51236, stack(0x000000f00d900000,0x000000f00da00000) (1024K)]
  0x000002525718d570 WorkerThread "GC Thread#1"                     [id=23640, stack(0x000000f00e900000,0x000000f00ea00000) (1024K)]
  0x00000252573291d0 WorkerThread "GC Thread#2"                     [id=46976, stack(0x000000f00ea00000,0x000000f00eb00000) (1024K)]
  0x0000025257329580 WorkerThread "GC Thread#3"                     [id=44440, stack(0x000000f00eb00000,0x000000f00ec00000) (1024K)]
  0x0000025257329930 WorkerThread "GC Thread#4"                     [id=41248, stack(0x000000f00ec00000,0x000000f00ed00000) (1024K)]
  0x0000025257329ce0 WorkerThread "GC Thread#5"                     [id=27672, stack(0x000000f00ed00000,0x000000f00ee00000) (1024K)]
  0x000002525732a090 WorkerThread "GC Thread#6"                     [id=18336, stack(0x000000f00ee00000,0x000000f00ef00000) (1024K)]
  0x00000252579058f0 WorkerThread "GC Thread#7"                     [id=35740, stack(0x000000f00e800000,0x000000f00e900000) (1024K)]
  0x0000025257e523b0 WorkerThread "GC Thread#8"                     [id=14688, stack(0x000000f010500000,0x000000f010600000) (1024K)]
  0x0000025258e3bb80 WorkerThread "GC Thread#9"                     [id=53208, stack(0x000000f010600000,0x000000f010700000) (1024K)]
  0x0000025258545910 WorkerThread "GC Thread#10"                    [id=50300, stack(0x000000f010700000,0x000000f010800000) (1024K)]
  0x00000252577c4b80 WorkerThread "GC Thread#11"                    [id=38684, stack(0x000000f00f800000,0x000000f00f900000) (1024K)]
  0x0000025258048840 WorkerThread "GC Thread#12"                    [id=43112, stack(0x000000f010b00000,0x000000f010c00000) (1024K)]
Total: 15

Threads with active compile tasks:
C2 CompilerThread0  12592 5005       4       java.io.InputStreamReader::read (11 bytes)
C2 CompilerThread1  12592 4638       4       org.lombokweb.asm.ClassReader::readMethod (1070 bytes)
C2 CompilerThread2  12592 4753   !   4       org.eclipse.osgi.internal.loader.classpath.ClasspathManager::findClassImpl (343 bytes)
C2 CompilerThread3  12592 5006       4       org.codehaus.plexus.util.xml.XmlReader::read (11 bytes)
Total: 4

VM state: not at safepoint (normal execution)

VM Mutex/Monitor currently owned by a thread:  ([mutex/lock_event])
[0x00007ffa66e19b38] Metaspace_lock - owner thread: 0x00000252578b92e0

Heap address: 0x00000000c0000000, size: 1024 MB, Compressed Oops mode: 32-bit

CDS archive(s) mapped at: [0x000002520f000000-0x000002520fc60000-0x000002520fc60000), size 12976128, SharedBaseAddress: 0x000002520f000000, ArchiveRelocationMode: 1.
Compressed class space mapped at: 0x0000025210000000-0x0000025250000000, reserved size: 1073741824
Narrow klass base: 0x000002520f000000, Narrow klass shift: 0, Narrow klass range: 0x41000000

GC Precious Log:
 CardTable entry size: 512
 CPUs: 16 total, 16 available
 Memory: 15720M
 Large Page Support: Disabled
 NUMA Support: Disabled
 Compressed Oops: Enabled (32-bit)
 Alignments: Space 512K, Generation 512K, Heap 2M
 Heap Min Capacity: 100M
 Heap Initial Capacity: 100M
 Heap Max Capacity: 1G
 Pre-touch: Disabled
 Parallel Workers: 13

Heap:
 PSYoungGen      total 23552K, used 17162K [0x00000000eab00000, 0x00000000ec600000, 0x0000000100000000)
  eden space 22016K, 71% used [0x00000000eab00000,0x00000000eba682d8,0x00000000ec080000)
  from space 1536K, 90% used [0x00000000ec480000,0x00000000ec5da8e0,0x00000000ec600000)
  to   space 1536K, 0% used [0x00000000ec280000,0x00000000ec280000,0x00000000ec400000)
 ParOldGen       total 68608K, used 15530K [0x00000000c0000000, 0x00000000c4300000, 0x00000000eab00000)
  object space 68608K, 22% used [0x00000000c0000000,0x00000000c0f2abc8,0x00000000c4300000)
 Metaspace       used 32128K, committed 33088K, reserved 1114112K
  class space    used 3238K, committed 3648K, reserved 1048576K

Card table byte_map: [0x000002526c250000,0x000002526c460000] _byte_map_base: 0x000002526bc50000

Marking Bits: (ParMarkBitMap*) 0x00007ffa66e20b50
 Begin Bits: [0x0000025274bf0000, 0x0000025275bf0000)
 End Bits:   [0x0000025275bf0000, 0x0000025276bf0000)

Polling page: 0x000002526a780000

Metaspace:

Usage:
  Non-class:     28.21 MB used.
      Class:      3.16 MB used.
       Both:     31.38 MB used.

Virtual space:
  Non-class space:       64.00 MB reserved,      28.75 MB ( 45%) committed,  1 nodes.
      Class space:        1.00 GB reserved,       3.56 MB ( <1%) committed,  1 nodes.
             Both:        1.06 GB reserved,      32.31 MB (  3%) committed. 

Chunk freelists:
   Non-Class:  2.36 MB
       Class:  12.50 MB
        Both:  14.86 MB

MaxMetaspaceSize: unlimited
CompressedClassSpaceSize: 1.00 GB
Initial GC threshold: 21.00 MB
Current GC threshold: 35.00 MB
CDS: on
 - commit_granule_bytes: 65536.
 - commit_granule_words: 8192.
 - virtual_space_node_default_size: 8388608.
 - enlarge_chunks_in_place: 1.
 - use_allocation_guard: 0.


Internal statistics:

num_allocs_failed_limit: 3.
num_arena_births: 702.
num_arena_deaths: 14.
num_vsnodes_births: 2.
num_vsnodes_deaths: 0.
num_space_committed: 517.
num_space_uncommitted: 0.
num_chunks_returned_to_freelist: 17.
num_chunks_taken_from_freelist: 1984.
num_chunk_merges: 7.
num_chunk_splits: 1262.
num_chunks_enlarged: 756.
num_inconsistent_stats: 0.

CodeHeap 'non-profiled nmethods': size=119168Kb used=2430Kb max_used=2430Kb free=116737Kb
 bounds [0x0000025207ba0000, 0x0000025207e10000, 0x000002520f000000]
CodeHeap 'profiled nmethods': size=119104Kb used=11502Kb max_used=11502Kb free=107601Kb
 bounds [0x0000025200000000, 0x0000025200b40000, 0x0000025207450000]
CodeHeap 'non-nmethods': size=7488Kb used=3031Kb max_used=3084Kb free=4456Kb
 bounds [0x0000025207450000, 0x0000025207760000, 0x0000025207ba0000]
 total_blobs=5854 nmethods=5219 adapters=538
 compilation: enabled
              stopped_count=0, restarted_count=0
 full_count=0

Compilation events (20 events):
Event: 12.458 Thread 0x0000025251942720 nmethod 5224 0x0000025207dff210 code [0x0000025207dff3a0, 0x0000025207dff468]
Event: 12.458 Thread 0x000002525178f7d0 5226       3       java.util.TimSort::reverseRange (32 bytes)
Event: 12.459 Thread 0x00000252516c9530 5225       1       com.google.common.cache.LocalCache$WeakEntry::getHash (5 bytes)
Event: 12.459 Thread 0x0000025251942720 5227       3       com.google.common.base.Preconditions::checkArgument (25 bytes)
Event: 12.460 Thread 0x000002525178f7d0 nmethod 5226 0x0000025200b2a510 code [0x0000025200b2a6c0, 0x0000025200b2aaf8]
Event: 12.460 Thread 0x00000252516c9530 nmethod 5225 0x0000025207dff510 code [0x0000025207dff6a0, 0x0000025207dff768]
Event: 12.460 Thread 0x0000025258f67ac0 nmethod 5219 0x0000025200b2ac90 code [0x0000025200b2b140, 0x0000025200b2d110]
Event: 12.460 Thread 0x00000252516c9530 5230       3       com.google.inject.TypeLiteral::equals (30 bytes)
Event: 12.460 Thread 0x000002525178f7d0 5228       3       com.google.common.cache.LocalCache$WeakEntry::getKey (5 bytes)
Event: 12.460 Thread 0x0000025251942720 nmethod 5227 0x0000025200b2dc10 code [0x0000025200b2dde0, 0x0000025200b2e1b8]
Event: 12.461 Thread 0x0000025251942720 5231       3       com.google.inject.internal.MoreTypes::equals (282 bytes)
Event: 12.461 Thread 0x000002525178f7d0 nmethod 5228 0x0000025200b2e310 code [0x0000025200b2e4a0, 0x0000025200b2e648]
Event: 12.461 Thread 0x00000252516c9530 nmethod 5230 0x0000025200b2e710 code [0x0000025200b2e8c0, 0x0000025200b2ec30]
Event: 12.461 Thread 0x000002525178f7d0 5235       3       com.google.common.collect.RegularImmutableMap::get (64 bytes)
Event: 12.461 Thread 0x00000252516c9530 5229       1       com.google.common.cache.LocalCache$StrongValueReference::get (5 bytes)
Event: 12.461 Thread 0x0000025258f67ac0 5232       3       com.google.inject.internal.MoreTypes::isFullySpecified (48 bytes)
Event: 12.461 Thread 0x00000252516c9530 nmethod 5229 0x0000025207dff810 code [0x0000025207dff9a0, 0x0000025207dffa68]
Event: 12.462 Thread 0x00000252516c9530 5233       3       com.google.inject.internal.MoreTypes::canonicalizeForKey (103 bytes)
Event: 12.462 Thread 0x000002525178f7d0 nmethod 5235 0x0000025200b2ed10 code [0x0000025200b2ef20, 0x0000025200b2f4b0]
Event: 12.462 Thread 0x000002525178f7d0 5234       3       com.google.common.collect.RegularImmutableMap::get (13 bytes)

GC Heap History (20 events):
Event: 5.807 GC heap before
{Heap before GC invocations=4 (full 0):
 PSYoungGen      total 29696K, used 29693K [0x00000000eab00000, 0x00000000ecc00000, 0x0000000100000000)
  eden space 25600K, 100% used [0x00000000eab00000,0x00000000ec400000,0x00000000ec400000)
  from space 4096K, 99% used [0x00000000ec400000,0x00000000ec7ff6a0,0x00000000ec800000)
  to   space 4096K, 0% used [0x00000000ec800000,0x00000000ec800000,0x00000000ecc00000)
 ParOldGen       total 68608K, used 4666K [0x00000000c0000000, 0x00000000c4300000, 0x00000000eab00000)
  object space 68608K, 6% used [0x00000000c0000000,0x00000000c048ebc8,0x00000000c4300000)
 Metaspace       used 9948K, committed 10304K, reserved 1114112K
  class space    used 1019K, committed 1152K, reserved 1048576K
}
Event: 5.814 GC heap after
{Heap after GC invocations=4 (full 0):
 PSYoungGen      total 29696K, used 4072K [0x00000000eab00000, 0x00000000ecc00000, 0x0000000100000000)
  eden space 25600K, 0% used [0x00000000eab00000,0x00000000eab00000,0x00000000ec400000)
  from space 4096K, 99% used [0x00000000ec800000,0x00000000ecbfa120,0x00000000ecc00000)
  to   space 4096K, 0% used [0x00000000ec400000,0x00000000ec400000,0x00000000ec800000)
 ParOldGen       total 68608K, used 6271K [0x00000000c0000000, 0x00000000c4300000, 0x00000000eab00000)
  object space 68608K, 9% used [0x00000000c0000000,0x00000000c061fd98,0x00000000c4300000)
 Metaspace       used 9948K, committed 10304K, reserved 1114112K
  class space    used 1019K, committed 1152K, reserved 1048576K
}
Event: 7.634 GC heap before
{Heap before GC invocations=5 (full 0):
 PSYoungGen      total 29696K, used 29672K [0x00000000eab00000, 0x00000000ecc00000, 0x0000000100000000)
  eden space 25600K, 100% used [0x00000000eab00000,0x00000000ec400000,0x00000000ec400000)
  from space 4096K, 99% used [0x00000000ec800000,0x00000000ecbfa120,0x00000000ecc00000)
  to   space 4096K, 0% used [0x00000000ec400000,0x00000000ec400000,0x00000000ec800000)
 ParOldGen       total 68608K, used 6271K [0x00000000c0000000, 0x00000000c4300000, 0x00000000eab00000)
  object space 68608K, 9% used [0x00000000c0000000,0x00000000c061fd98,0x00000000c4300000)
 Metaspace       used 12058K, committed 12480K, reserved 1114112K
  class space    used 1228K, committed 1408K, reserved 1048576K
}
Event: 7.641 GC heap after
{Heap after GC invocations=5 (full 0):
 PSYoungGen      total 29184K, used 4064K [0x00000000eab00000, 0x00000000ece80000, 0x0000000100000000)
  eden space 25088K, 0% used [0x00000000eab00000,0x00000000eab00000,0x00000000ec380000)
  from space 4096K, 99% used [0x00000000ec400000,0x00000000ec7f8328,0x00000000ec800000)
  to   space 5632K, 0% used [0x00000000ec900000,0x00000000ec900000,0x00000000ece80000)
 ParOldGen       total 68608K, used 7421K [0x00000000c0000000, 0x00000000c4300000, 0x00000000eab00000)
  object space 68608K, 10% used [0x00000000c0000000,0x00000000c073f680,0x00000000c4300000)
 Metaspace       used 12058K, committed 12480K, reserved 1114112K
  class space    used 1228K, committed 1408K, reserved 1048576K
}
Event: 8.895 GC heap before
{Heap before GC invocations=6 (full 0):
 PSYoungGen      total 29184K, used 29152K [0x00000000eab00000, 0x00000000ece80000, 0x0000000100000000)
  eden space 25088K, 100% used [0x00000000eab00000,0x00000000ec380000,0x00000000ec380000)
  from space 4096K, 99% used [0x00000000ec400000,0x00000000ec7f8328,0x00000000ec800000)
  to   space 5632K, 0% used [0x00000000ec900000,0x00000000ec900000,0x00000000ece80000)
 ParOldGen       total 68608K, used 7421K [0x00000000c0000000, 0x00000000c4300000, 0x00000000eab00000)
  object space 68608K, 10% used [0x00000000c0000000,0x00000000c073f680,0x00000000c4300000)
 Metaspace       used 15320K, committed 15872K, reserved 1114112K
  class space    used 1536K, committed 1728K, reserved 1048576K
}
Event: 8.901 GC heap after
{Heap after GC invocations=6 (full 0):
 PSYoungGen      total 30208K, used 5563K [0x00000000eab00000, 0x00000000ecf00000, 0x0000000100000000)
  eden space 24576K, 0% used [0x00000000eab00000,0x00000000eab00000,0x00000000ec300000)
  from space 5632K, 98% used [0x00000000ec900000,0x00000000ece6ecd8,0x00000000ece80000)
  to   space 6144K, 0% used [0x00000000ec300000,0x00000000ec300000,0x00000000ec900000)
 ParOldGen       total 68608K, used 7429K [0x00000000c0000000, 0x00000000c4300000, 0x00000000eab00000)
  object space 68608K, 10% used [0x00000000c0000000,0x00000000c0741680,0x00000000c4300000)
 Metaspace       used 15320K, committed 15872K, reserved 1114112K
  class space    used 1536K, committed 1728K, reserved 1048576K
}
Event: 9.863 GC heap before
{Heap before GC invocations=7 (full 0):
 PSYoungGen      total 30208K, used 30139K [0x00000000eab00000, 0x00000000ecf00000, 0x0000000100000000)
  eden space 24576K, 100% used [0x00000000eab00000,0x00000000ec300000,0x00000000ec300000)
  from space 5632K, 98% used [0x00000000ec900000,0x00000000ece6ecd8,0x00000000ece80000)
  to   space 6144K, 0% used [0x00000000ec300000,0x00000000ec300000,0x00000000ec900000)
 ParOldGen       total 68608K, used 7429K [0x00000000c0000000, 0x00000000c4300000, 0x00000000eab00000)
  object space 68608K, 10% used [0x00000000c0000000,0x00000000c0741680,0x00000000c4300000)
 Metaspace       used 18353K, committed 19072K, reserved 1114112K
  class space    used 1866K, committed 2112K, reserved 1048576K
}
Event: 9.869 GC heap after
{Heap after GC invocations=7 (full 0):
 PSYoungGen      total 29184K, used 4798K [0x00000000eab00000, 0x00000000ecc80000, 0x0000000100000000)
  eden space 24064K, 0% used [0x00000000eab00000,0x00000000eab00000,0x00000000ec280000)
  from space 5120K, 93% used [0x00000000ec300000,0x00000000ec7afa58,0x00000000ec800000)
  to   space 4608K, 0% used [0x00000000ec800000,0x00000000ec800000,0x00000000ecc80000)
 ParOldGen       total 68608K, used 8574K [0x00000000c0000000, 0x00000000c4300000, 0x00000000eab00000)
  object space 68608K, 12% used [0x00000000c0000000,0x00000000c085fa40,0x00000000c4300000)
 Metaspace       used 18353K, committed 19072K, reserved 1114112K
  class space    used 1866K, committed 2112K, reserved 1048576K
}
Event: 10.563 GC heap before
{Heap before GC invocations=8 (full 0):
 PSYoungGen      total 29184K, used 26945K [0x00000000eab00000, 0x00000000ecc80000, 0x0000000100000000)
  eden space 24064K, 92% used [0x00000000eab00000,0x00000000ec0a0a38,0x00000000ec280000)
  from space 5120K, 93% used [0x00000000ec300000,0x00000000ec7afa58,0x00000000ec800000)
  to   space 4608K, 0% used [0x00000000ec800000,0x00000000ec800000,0x00000000ecc80000)
 ParOldGen       total 68608K, used 8574K [0x00000000c0000000, 0x00000000c4300000, 0x00000000eab00000)
  object space 68608K, 12% used [0x00000000c0000000,0x00000000c085fa40,0x00000000c4300000)
 Metaspace       used 20781K, committed 21504K, reserved 1114112K
  class space    used 2115K, committed 2432K, reserved 1048576K
}
Event: 10.567 GC heap after
{Heap after GC invocations=8 (full 0):
 PSYoungGen      total 28160K, used 4602K [0x00000000eab00000, 0x00000000ece80000, 0x0000000100000000)
  eden space 23552K, 0% used [0x00000000eab00000,0x00000000eab00000,0x00000000ec200000)
  from space 4608K, 99% used [0x00000000ec800000,0x00000000ecc7eb38,0x00000000ecc80000)
  to   space 6144K, 0% used [0x00000000ec200000,0x00000000ec200000,0x00000000ec800000)
 ParOldGen       total 68608K, used 9585K [0x00000000c0000000, 0x00000000c4300000, 0x00000000eab00000)
  object space 68608K, 13% used [0x00000000c0000000,0x00000000c095c758,0x00000000c4300000)
 Metaspace       used 20781K, committed 21504K, reserved 1114112K
  class space    used 2115K, committed 2432K, reserved 1048576K
}
Event: 10.567 GC heap before
{Heap before GC invocations=9 (full 1):
 PSYoungGen      total 28160K, used 4602K [0x00000000eab00000, 0x00000000ece80000, 0x0000000100000000)
  eden space 23552K, 0% used [0x00000000eab00000,0x00000000eab00000,0x00000000ec200000)
  from space 4608K, 99% used [0x00000000ec800000,0x00000000ecc7eb38,0x00000000ecc80000)
  to   space 6144K, 0% used [0x00000000ec200000,0x00000000ec200000,0x00000000ec800000)
 ParOldGen       total 68608K, used 9585K [0x00000000c0000000, 0x00000000c4300000, 0x00000000eab00000)
  object space 68608K, 13% used [0x00000000c0000000,0x00000000c095c758,0x00000000c4300000)
 Metaspace       used 20781K, committed 21504K, reserved 1114112K
  class space    used 2115K, committed 2432K, reserved 1048576K
}
Event: 10.623 GC heap after
{Heap after GC invocations=9 (full 1):
 PSYoungGen      total 28160K, used 0K [0x00000000eab00000, 0x00000000ece80000, 0x0000000100000000)
  eden space 23552K, 0% used [0x00000000eab00000,0x00000000eab00000,0x00000000ec200000)
  from space 4608K, 0% used [0x00000000ec800000,0x00000000ec800000,0x00000000ecc80000)
  to   space 6144K, 0% used [0x00000000ec200000,0x00000000ec200000,0x00000000ec800000)
 ParOldGen       total 68608K, used 12695K [0x00000000c0000000, 0x00000000c4300000, 0x00000000eab00000)
  object space 68608K, 18% used [0x00000000c0000000,0x00000000c0c65d00,0x00000000c4300000)
 Metaspace       used 20769K, committed 21504K, reserved 1114112K
  class space    used 2112K, committed 2432K, reserved 1048576K
}
Event: 11.032 GC heap before
{Heap before GC invocations=10 (full 1):
 PSYoungGen      total 28160K, used 23552K [0x00000000eab00000, 0x00000000ece80000, 0x0000000100000000)
  eden space 23552K, 100% used [0x00000000eab00000,0x00000000ec200000,0x00000000ec200000)
  from space 4608K, 0% used [0x00000000ec800000,0x00000000ec800000,0x00000000ecc80000)
  to   space 6144K, 0% used [0x00000000ec200000,0x00000000ec200000,0x00000000ec800000)
 ParOldGen       total 68608K, used 12695K [0x00000000c0000000, 0x00000000c4300000, 0x00000000eab00000)
  object space 68608K, 18% used [0x00000000c0000000,0x00000000c0c65d00,0x00000000c4300000)
 Metaspace       used 23098K, committed 23872K, reserved 1114112K
  class space    used 2253K, committed 2560K, reserved 1048576K
}
Event: 11.034 GC heap after
{Heap after GC invocations=10 (full 1):
 PSYoungGen      total 23552K, used 382K [0x00000000eab00000, 0x00000000ec880000, 0x0000000100000000)
  eden space 23040K, 0% used [0x00000000eab00000,0x00000000eab00000,0x00000000ec180000)
  from space 512K, 74% used [0x00000000ec200000,0x00000000ec25f928,0x00000000ec280000)
  to   space 2560K, 0% used [0x00000000ec600000,0x00000000ec600000,0x00000000ec880000)
 ParOldGen       total 68608K, used 12703K [0x00000000c0000000, 0x00000000c4300000, 0x00000000eab00000)
  object space 68608K, 18% used [0x00000000c0000000,0x00000000c0c67d00,0x00000000c4300000)
 Metaspace       used 23098K, committed 23872K, reserved 1114112K
  class space    used 2253K, committed 2560K, reserved 1048576K
}
Event: 11.388 GC heap before
{Heap before GC invocations=11 (full 1):
 PSYoungGen      total 23552K, used 23422K [0x00000000eab00000, 0x00000000ec880000, 0x0000000100000000)
  eden space 23040K, 100% used [0x00000000eab00000,0x00000000ec180000,0x00000000ec180000)
  from space 512K, 74% used [0x00000000ec200000,0x00000000ec25f928,0x00000000ec280000)
  to   space 2560K, 0% used [0x00000000ec600000,0x00000000ec600000,0x00000000ec880000)
 ParOldGen       total 68608K, used 12703K [0x00000000c0000000, 0x00000000c4300000, 0x00000000eab00000)
  object space 68608K, 18% used [0x00000000c0000000,0x00000000c0c67d00,0x00000000c4300000)
 Metaspace       used 25633K, committed 26368K, reserved 1114112K
  class space    used 2457K, committed 2752K, reserved 1048576K
}
Event: 11.390 GC heap after
{Heap after GC invocations=11 (full 1):
 PSYoungGen      total 25088K, used 2280K [0x00000000eab00000, 0x00000000ec880000, 0x0000000100000000)
  eden space 22528K, 0% used [0x00000000eab00000,0x00000000eab00000,0x00000000ec100000)
  from space 2560K, 89% used [0x00000000ec600000,0x00000000ec83a2b0,0x00000000ec880000)
  to   space 3072K, 0% used [0x00000000ec280000,0x00000000ec280000,0x00000000ec580000)
 ParOldGen       total 68608K, used 12711K [0x00000000c0000000, 0x00000000c4300000, 0x00000000eab00000)
  object space 68608K, 18% used [0x00000000c0000000,0x00000000c0c69d00,0x00000000c4300000)
 Metaspace       used 25633K, committed 26368K, reserved 1114112K
  class space    used 2457K, committed 2752K, reserved 1048576K
}
Event: 11.695 GC heap before
{Heap before GC invocations=12 (full 1):
 PSYoungGen      total 25088K, used 24784K [0x00000000eab00000, 0x00000000ec880000, 0x0000000100000000)
  eden space 22528K, 99% used [0x00000000eab00000,0x00000000ec0fa140,0x00000000ec100000)
  from space 2560K, 89% used [0x00000000ec600000,0x00000000ec83a2b0,0x00000000ec880000)
  to   space 3072K, 0% used [0x00000000ec280000,0x00000000ec280000,0x00000000ec580000)
 ParOldGen       total 68608K, used 12711K [0x00000000c0000000, 0x00000000c4300000, 0x00000000eab00000)
  object space 68608K, 18% used [0x00000000c0000000,0x00000000c0c69d00,0x00000000c4300000)
 Metaspace       used 27250K, committed 28224K, reserved 1114112K
  class space    used 2656K, committed 3072K, reserved 1048576K
}
Event: 11.700 GC heap after
{Heap after GC invocations=12 (full 1):
 PSYoungGen      total 23552K, used 1106K [0x00000000eab00000, 0x00000000ec680000, 0x0000000100000000)
  eden space 22016K, 0% used [0x00000000eab00000,0x00000000eab00000,0x00000000ec080000)
  from space 1536K, 72% used [0x00000000ec280000,0x00000000ec394aa0,0x00000000ec400000)
  to   space 2048K, 0% used [0x00000000ec480000,0x00000000ec480000,0x00000000ec680000)
 ParOldGen       total 68608K, used 14696K [0x00000000c0000000, 0x00000000c4300000, 0x00000000eab00000)
  object space 68608K, 21% used [0x00000000c0000000,0x00000000c0e5a0e8,0x00000000c4300000)
 Metaspace       used 27250K, committed 28224K, reserved 1114112K
  class space    used 2656K, committed 3072K, reserved 1048576K
}
Event: 12.224 GC heap before
{Heap before GC invocations=13 (full 1):
 PSYoungGen      total 23552K, used 23122K [0x00000000eab00000, 0x00000000ec680000, 0x0000000100000000)
  eden space 22016K, 100% used [0x00000000eab00000,0x00000000ec080000,0x00000000ec080000)
  from space 1536K, 72% used [0x00000000ec280000,0x00000000ec394aa0,0x00000000ec400000)
  to   space 2048K, 0% used [0x00000000ec480000,0x00000000ec480000,0x00000000ec680000)
 ParOldGen       total 68608K, used 14696K [0x00000000c0000000, 0x00000000c4300000, 0x00000000eab00000)
  object space 68608K, 21% used [0x00000000c0000000,0x00000000c0e5a0e8,0x00000000c4300000)
 Metaspace       used 30761K, committed 31744K, reserved 1114112K
  class space    used 3082K, committed 3456K, reserved 1048576K
}
Event: 12.227 GC heap after
{Heap after GC invocations=13 (full 1):
 PSYoungGen      total 23552K, used 1386K [0x00000000eab00000, 0x00000000ec600000, 0x0000000100000000)
  eden space 22016K, 0% used [0x00000000eab00000,0x00000000eab00000,0x00000000ec080000)
  from space 1536K, 90% used [0x00000000ec480000,0x00000000ec5da8e0,0x00000000ec600000)
  to   space 1536K, 0% used [0x00000000ec280000,0x00000000ec280000,0x00000000ec400000)
 ParOldGen       total 68608K, used 15530K [0x00000000c0000000, 0x00000000c4300000, 0x00000000eab00000)
  object space 68608K, 22% used [0x00000000c0000000,0x00000000c0f2abc8,0x00000000c4300000)
 Metaspace       used 30761K, committed 31744K, reserved 1114112K
  class space    used 3082K, committed 3456K, reserved 1048576K
}

Dll operation events (13 events):
Event: 0.041 Loaded shared library C:\Program Files\Java\jdk-22\bin\java.dll
Event: 0.113 Loaded shared library C:\Program Files\Java\jdk-22\bin\jsvml.dll
Event: 0.237 Loaded shared library C:\Program Files\Java\jdk-22\bin\zip.dll
Event: 0.254 Loaded shared library C:\Program Files\Java\jdk-22\bin\instrument.dll
Event: 0.267 Loaded shared library C:\Program Files\Java\jdk-22\bin\net.dll
Event: 0.271 Loaded shared library C:\Program Files\Java\jdk-22\bin\nio.dll
Event: 0.278 Loaded shared library C:\Program Files\Java\jdk-22\bin\zip.dll
Event: 0.318 Loaded shared library C:\Program Files\Java\jdk-22\bin\jimage.dll
Event: 0.633 Loaded shared library C:\Program Files\Java\jdk-22\bin\verify.dll
Event: 4.930 Loaded shared library C:\Users\boris\AppData\Roaming\Code\User\globalStorage\redhat.java\1.43.1\config_win\org.eclipse.equinox.launcher\org.eclipse.equinox.launcher.win32.win32.x86_64_1.2.1300.v20250331-1702\eclipse_11911.dll
Event: 9.014 Loaded shared library C:\Program Files\Java\jdk-22\bin\management.dll
Event: 9.022 Loaded shared library C:\Program Files\Java\jdk-22\bin\management_ext.dll
Event: 12.441 Loaded shared library C:\Users\boris\AppData\Local\Temp\jna-93924783\jna13098337548285646537.dll

Deoptimization events (20 events):
Event: 12.274 Thread 0x00000252578b92e0 Uncommon trap: trap_request=0xffffff45 fr.pc=0x0000025207d1867c relative=0x00000000000000dc
Event: 12.274 Thread 0x00000252578b92e0 Uncommon trap: reason=unstable_if action=reinterpret pc=0x0000025207d1867c method=com.sun.org.apache.xerces.internal.impl.XMLEntityScanner.peekChar()I @ 51 c2
Event: 12.274 Thread 0x00000252578b92e0 DEOPT PACKING pc=0x0000025207d1867c sp=0x000000f00f7fdd50
Event: 12.274 Thread 0x00000252578b92e0 DEOPT UNPACKING pc=0x00000252074a3aa2 sp=0x000000f00f7fdcd8 mode 2
Event: 12.374 Thread 0x0000025257ebd1f0 Uncommon trap: trap_request=0xffffff45 fr.pc=0x0000025207deaf5c relative=0x000000000000195c
Event: 12.374 Thread 0x0000025257ebd1f0 Uncommon trap: reason=unstable_if action=reinterpret pc=0x0000025207deaf5c method=sun.nio.cs.StreamDecoder.lockedRead0()I @ 30 c2
Event: 12.374 Thread 0x0000025257ebd1f0 DEOPT PACKING pc=0x0000025207deaf5c sp=0x000000f010dfd940
Event: 12.374 Thread 0x0000025257ebd1f0 DEOPT UNPACKING pc=0x00000252074a3aa2 sp=0x000000f010dfd818 mode 2
Event: 12.386 Thread 0x0000025257ebd1f0 Uncommon trap: trap_request=0xffffff45 fr.pc=0x0000025207df0fec relative=0x000000000000186c
Event: 12.386 Thread 0x0000025257ebd1f0 Uncommon trap: reason=unstable_if action=reinterpret pc=0x0000025207df0fec method=sun.nio.cs.StreamDecoder.lockedRead0()I @ 30 c2
Event: 12.386 Thread 0x0000025257ebd1f0 DEOPT PACKING pc=0x0000025207df0fec sp=0x000000f010dfdc60
Event: 12.386 Thread 0x0000025257ebd1f0 DEOPT UNPACKING pc=0x00000252074a3aa2 sp=0x000000f010dfdaa8 mode 2
Event: 12.415 Thread 0x00000252578b92e0 Uncommon trap: trap_request=0xffffff45 fr.pc=0x0000025207bd8e6c relative=0x000000000000064c
Event: 12.415 Thread 0x00000252578b92e0 Uncommon trap: reason=unstable_if action=reinterpret pc=0x0000025207bd8e6c method=java.lang.String.replace(Ljava/lang/CharSequence;Ljava/lang/CharSequence;)Ljava/lang/String; @ 42 c2
Event: 12.415 Thread 0x00000252578b92e0 DEOPT PACKING pc=0x0000025207bd8e6c sp=0x000000f00f7fb800
Event: 12.415 Thread 0x00000252578b92e0 DEOPT UNPACKING pc=0x00000252074a3aa2 sp=0x000000f00f7fb770 mode 2
Event: 12.417 Thread 0x00000252578b92e0 Uncommon trap: trap_request=0xffffffc6 fr.pc=0x0000025207d9d3bc relative=0x00000000000000fc
Event: 12.417 Thread 0x00000252578b92e0 Uncommon trap: reason=bimorphic_or_optimized_type_check action=maybe_recompile pc=0x0000025207d9d3bc method=java.util.AbstractList$Itr.hasNext()Z @ 8 c2
Event: 12.417 Thread 0x00000252578b92e0 DEOPT PACKING pc=0x0000025207d9d3bc sp=0x000000f00f7faac0
Event: 12.417 Thread 0x00000252578b92e0 DEOPT UNPACKING pc=0x00000252074a3aa2 sp=0x000000f00f7faa58 mode 2

Classes loaded (20 events):
Event: 12.327 Loading class java/io/FileOutputStream$1
Event: 12.328 Loading class java/io/FileOutputStream$1 done
Event: 12.387 Loading class sun/reflect/generics/reflectiveObjects/TypeVariableImpl
Event: 12.389 Loading class sun/reflect/generics/reflectiveObjects/LazyReflectiveObjectGenerator
Event: 12.390 Loading class sun/reflect/generics/reflectiveObjects/LazyReflectiveObjectGenerator done
Event: 12.390 Loading class sun/reflect/generics/reflectiveObjects/TypeVariableImpl done
Event: 12.390 Loading class sun/reflect/generics/reflectiveObjects/ParameterizedTypeImpl
Event: 12.391 Loading class sun/reflect/generics/reflectiveObjects/ParameterizedTypeImpl done
Event: 12.397 Loading class java/nio/charset/IllegalCharsetNameException
Event: 12.398 Loading class java/nio/charset/IllegalCharsetNameException done
Event: 12.417 Loading class java/io/File$TempDirectory
Event: 12.417 Loading class java/io/File$TempDirectory done
Event: 12.442 Loading class java/nio/ShortBuffer
Event: 12.444 Loading class java/nio/ShortBuffer done
Event: 12.445 Loading class java/nio/FloatBuffer
Event: 12.446 Loading class java/nio/FloatBuffer done
Event: 12.447 Loading class java/nio/DoubleBuffer
Event: 12.448 Loading class java/nio/DoubleBuffer done
Event: 12.449 Loading class jdk/internal/loader/NativeLibraries$Unloader
Event: 12.451 Loading class jdk/internal/loader/NativeLibraries$Unloader done

Classes unloaded (7 events):
Event: 10.574 Thread 0x00000252501e3dc0 Unloading class 0x00000252101b2800 'java/lang/invoke/LambdaForm$MH+0x00000252101b2800'
Event: 10.574 Thread 0x00000252501e3dc0 Unloading class 0x00000252101b2400 'java/lang/invoke/LambdaForm$MH+0x00000252101b2400'
Event: 10.574 Thread 0x00000252501e3dc0 Unloading class 0x00000252101b2000 'java/lang/invoke/LambdaForm$MH+0x00000252101b2000'
Event: 10.574 Thread 0x00000252501e3dc0 Unloading class 0x00000252101b1c00 'java/lang/invoke/LambdaForm$MH+0x00000252101b1c00'
Event: 10.574 Thread 0x00000252501e3dc0 Unloading class 0x00000252101b1800 'java/lang/invoke/LambdaForm$BMH+0x00000252101b1800'
Event: 10.574 Thread 0x00000252501e3dc0 Unloading class 0x00000252101b1400 'java/lang/invoke/LambdaForm$DMH+0x00000252101b1400'
Event: 10.574 Thread 0x00000252501e3dc0 Unloading class 0x00000252101b0000 'java/lang/invoke/LambdaForm$DMH+0x00000252101b0000'

Classes redefined (0 events):
No events

Internal exceptions (20 events):
Event: 11.399 Thread 0x0000025257ebd1f0 Exception <a 'java/lang/NoSuchMethodError'{0x00000000eaffdab8}: 'int java.lang.invoke.DirectMethodHandle$Holder.invokeStatic(java.lang.Object, long)'> (0x00000000eaffdab8) 
thrown [s\open\src\hotspot\share\interpreter\linkResolver.cpp, line 774]
Event: 11.400 Thread 0x00000252578b92e0 Exception <a 'java/io/FileNotFoundException'{0x00000000eafc9740}> (0x00000000eafc9740) 
thrown [s\open\src\hotspot\share\prims\jni.cpp, line 520]
Event: 11.404 Thread 0x0000025257ebd1f0 Exception <a 'java/lang/NoSuchMethodError'{0x00000000eb0176b0}: 'int java.lang.invoke.DirectMethodHandle$Holder.invokeSpecial(java.lang.Object, java.lang.Object, int, int)'> (0x00000000eb0176b0) 
thrown [s\open\src\hotspot\share\interpreter\linkResolver.cpp, line 774]
Event: 11.404 Thread 0x0000025257ebbe40 Exception <a 'java/lang/NoSuchMethodError'{0x00000000eb014ab8}: 'int java.lang.invoke.DirectMethodHandle$Holder.invokeSpecial(java.lang.Object, java.lang.Object, int, int)'> (0x00000000eb014ab8) 
thrown [s\open\src\hotspot\share\interpreter\linkResolver.cpp, line 774]
Event: 11.408 Thread 0x0000025257ebd1f0 Exception <a 'java/lang/NoSuchMethodError'{0x00000000eb031580}: 'int java.lang.invoke.Invokers$Holder.linkToTargetMethod(java.lang.Object, java.lang.Object)'> (0x00000000eb031580) 
thrown [s\open\src\hotspot\share\interpreter\linkResolver.cpp, line 774]
Event: 11.408 Thread 0x0000025257ebbe40 Exception <a 'java/lang/NoSuchMethodError'{0x00000000eb032e40}: 'int java.lang.invoke.Invokers$Holder.linkToTargetMethod(java.lang.Object, java.lang.Object)'> (0x00000000eb032e40) 
thrown [s\open\src\hotspot\share\interpreter\linkResolver.cpp, line 774]
Event: 11.411 Thread 0x0000025257ebbe40 Exception <a 'java/lang/NoSuchMethodError'{0x00000000eb0b3168}: 'int java.lang.invoke.DirectMethodHandle$Holder.invokeSpecial(java.lang.Object, java.lang.Object, java.lang.Object, java.lang.Object)'> (0x00000000eb0b3168) 
thrown [s\open\src\hotspot\share\interpreter\linkResolver.cpp, line 774]
Event: 11.415 Thread 0x0000025257ebbe40 Exception <a 'java/lang/NoSuchMethodError'{0x00000000eb0d1258}: 'java.lang.Object java.lang.invoke.DirectMethodHandle$Holder.invokeStatic(java.lang.Object, int, java.lang.Object, java.lang.Object)'> (0x00000000eb0d1258) 
thrown [s\open\src\hotspot\share\interpreter\linkResolver.cpp, line 774]
Event: 11.415 Thread 0x0000025257ebbe40 Exception <a 'java/lang/NoSuchMethodError'{0x00000000eb0ddb30}: 'java.lang.Object java.lang.invoke.DelegatingMethodHandle$Holder.delegate(java.lang.Object, int, java.lang.Object, java.lang.Object)'> (0x00000000eb0ddb30) 
thrown [s\open\src\hotspot\share\interpreter\linkResolver.cpp, line 774]
Event: 11.421 Thread 0x0000025257ebbe40 Exception <a 'java/lang/NoSuchMethodError'{0x00000000eb0ffb10}: 'int java.lang.invoke.Invokers$Holder.linkToTargetMethod(java.lang.Object, java.lang.Object, java.lang.Object)'> (0x00000000eb0ffb10) 
thrown [s\open\src\hotspot\share\interpreter\linkResolver.cpp, line 774]
Event: 11.474 Thread 0x0000025257ebd1f0 Exception <a 'java/lang/NoSuchMethodError'{0x00000000eb3390f8}: 'java.lang.Object java.lang.invoke.DirectMethodHandle$Holder.invokeSpecialIFC(java.lang.Object, java.lang.Object, java.lang.Object, java.lang.Object)'> (0x00000000eb3390f8) 
thrown [s\open\src\hotspot\share\interpreter\linkResolver.cpp, line 774]
Event: 11.669 Thread 0x00000252578b92e0 Exception <a 'java/io/FileNotFoundException'{0x00000000ebf81ec8}> (0x00000000ebf81ec8) 
thrown [s\open\src\hotspot\share\prims\jni.cpp, line 520]
Event: 11.752 Thread 0x00000252578b92e0 Exception <a 'java/lang/NoSuchMethodError'{0x00000000eaca2190}: 'java.lang.Object java.lang.invoke.DirectMethodHandle$Holder.invokeStaticInit(java.lang.Object, int, int, int, int)'> (0x00000000eaca2190) 
thrown [s\open\src\hotspot\share\interpreter\linkResolver.cpp, line 774]
Event: 11.813 Thread 0x00000252578b92e0 Exception <a 'java/lang/NoSuchMethodError'{0x00000000eafb78a0}: 'java.lang.Object java.lang.invoke.DirectMethodHandle$Holder.invokeStaticInit(java.lang.Object, java.lang.Object, int, int, int, int)'> (0x00000000eafb78a0) 
thrown [s\open\src\hotspot\share\interpreter\linkResolver.cpp, line 774]
Event: 11.915 Thread 0x00000252578b92e0 Exception <a 'sun/nio/fs/WindowsException'{0x00000000eb4226b0}> (0x00000000eb4226b0) 
thrown [s\open\src\hotspot\share\prims\jni.cpp, line 520]
Event: 11.916 Thread 0x00000252578b92e0 Exception <a 'sun/nio/fs/WindowsException'{0x00000000eb422eb8}> (0x00000000eb422eb8) 
thrown [s\open\src\hotspot\share\prims\jni.cpp, line 520]
Event: 11.947 Thread 0x00000252578b92e0 Exception <a 'sun/nio/fs/WindowsException'{0x00000000eb5f4490}> (0x00000000eb5f4490) 
thrown [s\open\src\hotspot\share\prims\jni.cpp, line 520]
Event: 12.103 Thread 0x00000252578b92e0 Exception <a 'java/lang/ClassNotFoundException'{0x00000000ebb2f670}: com/sun/org/apache/xml/internal/serializer/spi/XMLEntitiesProvider> (0x00000000ebb2f670) 
thrown [s\open\src\hotspot\share\classfile\systemDictionary.cpp, line 313]
Event: 12.185 Thread 0x0000025257ebd1f0 Exception <a 'java/lang/NoClassDefFoundError'{0x00000000ebe65028}: javax/enterprise/inject/Typed> (0x00000000ebe65028) 
thrown [s\open\src\hotspot\share\classfile\systemDictionary.cpp, line 302]
Event: 12.341 Thread 0x00000252578b92e0 Exception <a 'java/io/FileNotFoundException'{0x00000000eb295f48}> (0x00000000eb295f48) 
thrown [s\open\src\hotspot\share\prims\jni.cpp, line 520]

ZGC Phase Switch (0 events):
No events

VM Operations (20 events):
Event: 11.694 Executing VM operation: ParallelGCFailedAllocation (Allocation Failure)
Event: 11.700 Executing VM operation: ParallelGCFailedAllocation (Allocation Failure) done
Event: 11.700 Executing VM operation: HandshakeAllThreads (Deoptimize)
Event: 11.700 Executing VM operation: HandshakeAllThreads (Deoptimize) done
Event: 11.800 Executing VM operation: HandshakeAllThreads (Deoptimize)
Event: 11.800 Executing VM operation: HandshakeAllThreads (Deoptimize) done
Event: 12.005 Executing VM operation: HandshakeAllThreads (Deoptimize)
Event: 12.006 Executing VM operation: HandshakeAllThreads (Deoptimize) done
Event: 12.098 Executing VM operation: HandshakeAllThreads (Deoptimize)
Event: 12.098 Executing VM operation: HandshakeAllThreads (Deoptimize) done
Event: 12.110 Executing VM operation: HandshakeAllThreads (Deoptimize)
Event: 12.110 Executing VM operation: HandshakeAllThreads (Deoptimize) done
Event: 12.159 Executing VM operation: HandshakeAllThreads (Deoptimize)
Event: 12.162 Executing VM operation: HandshakeAllThreads (Deoptimize) done
Event: 12.186 Executing VM operation: HandshakeAllThreads (Deoptimize)
Event: 12.187 Executing VM operation: HandshakeAllThreads (Deoptimize) done
Event: 12.224 Executing VM operation: ParallelGCFailedAllocation (Allocation Failure)
Event: 12.227 Executing VM operation: ParallelGCFailedAllocation (Allocation Failure) done
Event: 12.282 Executing VM operation: HandshakeAllThreads (Deoptimize)
Event: 12.283 Executing VM operation: HandshakeAllThreads (Deoptimize) done

Events (20 events):
Event: 7.566 Thread 0x000002525192f5e0 Thread exited: 0x000002525192f5e0
Event: 7.667 Thread 0x0000025257eb96e0 Thread added: 0x0000025257eb96e0
Event: 7.933 Thread 0x0000025257ed5c40 Thread added: 0x0000025257ed5c40
Event: 8.673 Thread 0x0000025257ed5c40 Thread exited: 0x0000025257ed5c40
Event: 8.688 Thread 0x0000025257eb7610 Thread added: 0x0000025257eb7610
Event: 9.272 Thread 0x0000025257ebbe40 Thread added: 0x0000025257ebbe40
Event: 9.330 Thread 0x0000025257ebd1f0 Thread added: 0x0000025257ebd1f0
Event: 9.332 Thread 0x0000025257682460 Thread added: 0x0000025257682460
Event: 9.931 Thread 0x0000025258f51250 Thread added: 0x0000025258f51250
Event: 10.055 Thread 0x0000025258f67ac0 Thread added: 0x0000025258f67ac0
Event: 10.256 Thread 0x0000025258f51250 Thread exited: 0x0000025258f51250
Event: 10.627 Thread 0x0000025257682460 Thread exited: 0x0000025257682460
Event: 10.725 Thread 0x0000025258d5a5d0 Thread added: 0x0000025258d5a5d0
Event: 11.003 Thread 0x0000025258d5a5d0 Thread exited: 0x0000025258d5a5d0
Event: 11.235 Thread 0x00000252582c4d20 Thread added: 0x00000252582c4d20
Event: 11.235 Thread 0x00000252593cf330 Thread added: 0x00000252593cf330
Event: 11.369 Thread 0x0000025257ebdf10 Thread added: 0x0000025257ebdf10
Event: 11.449 Thread 0x0000025258f0f760 Thread added: 0x0000025258f0f760
Event: 11.498 Thread 0x0000025257ebcb60 Thread added: 0x0000025257ebcb60
Event: 11.627 Thread 0x0000025257ebb120 Thread added: 0x0000025257ebb120


Dynamic libraries:
0x00007ff61c250000 - 0x00007ff61c260000 	C:\Program Files\Java\jdk-22\bin\java.exe
0x00007ffb2b740000 - 0x00007ffb2b9a8000 	C:\WINDOWS\SYSTEM32\ntdll.dll
0x00007ffb2aa20000 - 0x00007ffb2aae9000 	C:\WINDOWS\System32\KERNEL32.DLL
0x00007ffb28b50000 - 0x00007ffb28f3d000 	C:\WINDOWS\System32\KERNELBASE.dll
0x00007ffb29150000 - 0x00007ffb2929b000 	C:\WINDOWS\System32\ucrtbase.dll
0x00007ffae5ed0000 - 0x00007ffae5ee7000 	C:\Program Files\Java\jdk-22\bin\jli.dll
0x00007ffb2aaf0000 - 0x00007ffb2aba4000 	C:\WINDOWS\System32\ADVAPI32.dll
0x00007ffb2a370000 - 0x00007ffb2a419000 	C:\WINDOWS\System32\msvcrt.dll
0x00007ffb29e40000 - 0x00007ffb29ee6000 	C:\WINDOWS\System32\sechost.dll
0x00007ffb294e0000 - 0x00007ffb295f8000 	C:\WINDOWS\System32\RPCRT4.dll
0x00007ffb2aca0000 - 0x00007ffb2ae6c000 	C:\WINDOWS\System32\USER32.dll
0x00007ffae5b50000 - 0x00007ffae5b6b000 	C:\Program Files\Java\jdk-22\bin\VCRUNTIME140.dll
0x00007ffb13950000 - 0x00007ffb13bea000 	C:\WINDOWS\WinSxS\amd64_microsoft.windows.common-controls_6595b64144ccf1df_6.0.26100.4484_none_3e0e6d4ce32ef3b3\COMCTL32.dll
0x00007ffb29e10000 - 0x00007ffb29e3b000 	C:\WINDOWS\System32\GDI32.dll
0x00007ffb28fe0000 - 0x00007ffb29007000 	C:\WINDOWS\System32\win32u.dll
0x00007ffb28890000 - 0x00007ffb289c7000 	C:\WINDOWS\System32\gdi32full.dll
0x00007ffb290a0000 - 0x00007ffb29143000 	C:\WINDOWS\System32\msvcp_win.dll
0x00007ffb20fc0000 - 0x00007ffb20fcb000 	C:\WINDOWS\SYSTEM32\VERSION.dll
0x00007ffb2a840000 - 0x00007ffb2a86f000 	C:\WINDOWS\System32\IMM32.DLL
0x00007ffaf06b0000 - 0x00007ffaf06bc000 	C:\Program Files\Java\jdk-22\bin\vcruntime140_1.dll
0x00007ffab38f0000 - 0x00007ffab397e000 	C:\Program Files\Java\jdk-22\bin\msvcp140.dll
0x00007ffa661b0000 - 0x00007ffa66ef7000 	C:\Program Files\Java\jdk-22\bin\server\jvm.dll
0x00007ffb2a190000 - 0x00007ffb2a204000 	C:\WINDOWS\System32\WS2_32.dll
0x00007ffb286e0000 - 0x00007ffb2873e000 	C:\WINDOWS\SYSTEM32\POWRPROF.dll
0x00007ffb25250000 - 0x00007ffb25285000 	C:\WINDOWS\SYSTEM32\WINMM.dll
0x00007ffb28610000 - 0x00007ffb28624000 	C:\WINDOWS\SYSTEM32\UMPDC.dll
0x00007ffb27640000 - 0x00007ffb2765b000 	C:\WINDOWS\SYSTEM32\kernel.appcore.dll
0x00007ffaf03f0000 - 0x00007ffaf03fa000 	C:\Program Files\Java\jdk-22\bin\jimage.dll
0x00007ffb25f40000 - 0x00007ffb26181000 	C:\WINDOWS\SYSTEM32\DBGHELP.DLL
0x00007ffb2a4b0000 - 0x00007ffb2a836000 	C:\WINDOWS\System32\combase.dll
0x00007ffb2abb0000 - 0x00007ffb2ac90000 	C:\WINDOWS\System32\OLEAUT32.dll
0x00007ffb25200000 - 0x00007ffb25243000 	C:\WINDOWS\SYSTEM32\dbgcore.DLL
0x00007ffb28f40000 - 0x00007ffb28fd9000 	C:\WINDOWS\System32\bcryptPrimitives.dll
0x00007ffb18d20000 - 0x00007ffb18d2f000 	C:\Program Files\Java\jdk-22\bin\instrument.dll
0x00007ffae53e0000 - 0x00007ffae53fe000 	C:\Program Files\Java\jdk-22\bin\java.dll
0x00007ffb2afb0000 - 0x00007ffb2b6fa000 	C:\WINDOWS\System32\SHELL32.dll
0x00007ffb289d0000 - 0x00007ffb28b44000 	C:\WINDOWS\System32\wintypes.dll
0x00007ffb29fe0000 - 0x00007ffb2a17e000 	C:\WINDOWS\System32\ole32.dll
0x00007ffb264c0000 - 0x00007ffb26d1b000 	C:\WINDOWS\SYSTEM32\windows.storage.dll
0x00007ffb2aea0000 - 0x00007ffb2af95000 	C:\WINDOWS\System32\SHCORE.dll
0x00007ffb29f70000 - 0x00007ffb29fda000 	C:\WINDOWS\System32\shlwapi.dll
0x00007ffb287a0000 - 0x00007ffb287cf000 	C:\WINDOWS\SYSTEM32\profapi.dll
0x00007ffa95540000 - 0x00007ffa95617000 	C:\Program Files\Java\jdk-22\bin\jsvml.dll
0x00007ffae4f20000 - 0x00007ffae4f37000 	C:\Program Files\Java\jdk-22\bin\zip.dll
0x00007ffaeb2b0000 - 0x00007ffaeb2c0000 	C:\Program Files\Java\jdk-22\bin\net.dll
0x00007ffb27bc0000 - 0x00007ffb27c2a000 	C:\WINDOWS\system32\mswsock.dll
0x00007ffae4f40000 - 0x00007ffae4f56000 	C:\Program Files\Java\jdk-22\bin\nio.dll
0x00007ffb14650000 - 0x00007ffb14660000 	C:\Program Files\Java\jdk-22\bin\verify.dll
0x00007ffab45e0000 - 0x00007ffab4625000 	C:\Users\boris\AppData\Roaming\Code\User\globalStorage\redhat.java\1.43.1\config_win\org.eclipse.equinox.launcher\org.eclipse.equinox.launcher.win32.win32.x86_64_1.2.1300.v20250331-1702\eclipse_11911.dll
0x00007ffae99a0000 - 0x00007ffae99aa000 	C:\Program Files\Java\jdk-22\bin\management.dll
0x00007ffae90f0000 - 0x00007ffae90fb000 	C:\Program Files\Java\jdk-22\bin\management_ext.dll
0x00007ffb29c20000 - 0x00007ffb29c28000 	C:\WINDOWS\System32\PSAPI.DLL
0x00007ffb27e70000 - 0x00007ffb27e8b000 	C:\WINDOWS\SYSTEM32\CRYPTSP.dll
0x00007ffb275a0000 - 0x00007ffb275da000 	C:\WINDOWS\system32\rsaenh.dll
0x00007ffb27c60000 - 0x00007ffb27c8b000 	C:\WINDOWS\SYSTEM32\USERENV.dll
0x00007ffb28770000 - 0x00007ffb28796000 	C:\WINDOWS\SYSTEM32\bcrypt.dll
0x00007ffb27e90000 - 0x00007ffb27e9c000 	C:\WINDOWS\SYSTEM32\CRYPTBASE.dll
0x00007ffb270a0000 - 0x00007ffb270d3000 	C:\WINDOWS\SYSTEM32\IPHLPAPI.DLL
0x00007ffb2a9f0000 - 0x00007ffb2a9fa000 	C:\WINDOWS\System32\NSI.dll
0x00007ffab4590000 - 0x00007ffab45d9000 	C:\Users\boris\AppData\Local\Temp\jna-93924783\jna13098337548285646537.dll
0x00007ffb1e3d0000 - 0x00007ffb1e4ee000 	C:\WINDOWS\SYSTEM32\winhttp.dll

dbghelp: loaded successfully - version: 4.0.5 - missing functions: none
symbol engine: initialized successfully - sym options: 0x614 - pdb path: .;C:\Program Files\Java\jdk-22\bin;C:\WINDOWS\SYSTEM32;C:\WINDOWS\WinSxS\amd64_microsoft.windows.common-controls_6595b64144ccf1df_6.0.26100.4484_none_3e0e6d4ce32ef3b3;C:\Program Files\Java\jdk-22\bin\server;C:\Users\boris\AppData\Roaming\Code\User\globalStorage\redhat.java\1.43.1\config_win\org.eclipse.equinox.launcher\org.eclipse.equinox.launcher.win32.win32.x86_64_1.2.1300.v20250331-1702;C:\Users\boris\AppData\Local\Temp\jna-93924783

VM Arguments:
jvm_args: --add-modules=ALL-SYSTEM --add-opens=java.base/java.util=ALL-UNNAMED --add-opens=java.base/java.lang=ALL-UNNAMED --add-opens=java.base/sun.nio.fs=ALL-UNNAMED -Declipse.application=org.eclipse.jdt.ls.core.id1 -Dosgi.bundles.defaultStartLevel=4 -Declipse.product=org.eclipse.jdt.ls.core.product -Djava.import.generatesMetadataFilesAtProjectRoot=false -DDetectVMInstallationsJob.disabled=true -Dfile.encoding=utf8 -Xlog:disable -XX:+UseParallelGC -XX:GCTimeRatio=4 -XX:AdaptiveSizePolicyWeight=90 -Dsun.zip.disableMemoryMapping=true -Xmx1G -Xms100m -javaagent:c:\Users\boris\.vscode\extensions\redhat.java-1.43.1\lombok\lombok-1.18.39-4050.jar -XX:+HeapDumpOnOutOfMemoryError -XX:HeapDumpPath=c:\Users\boris\AppData\Roaming\Code\User\workspaceStorage\5e1fdd7b3f4ec2f9fcfb196862a3b336\redhat.java -Daether.dependencyCollector.impl=bf 
java_command: c:\Users\boris\.vscode\extensions\redhat.java-1.43.1\server\plugins\org.eclipse.equinox.launcher_1.7.0.v20250519-0528.jar -configuration c:\Users\boris\AppData\Roaming\Code\User\globalStorage\redhat.java\1.43.1\config_win -data c:\Users\boris\AppData\Roaming\Code\User\workspaceStorage\5e1fdd7b3f4ec2f9fcfb196862a3b336\redhat.java\jdt_ws --pipe=\\.\pipe\lsp-3e1c5d3379ee885420ceb6cad2f97575-sock
java_class_path (initial): c:\Users\boris\.vscode\extensions\redhat.java-1.43.1\server\plugins\org.eclipse.equinox.launcher_1.7.0.v20250519-0528.jar
Launcher Type: SUN_STANDARD

[Global flags]
     uint AdaptiveSizePolicyWeight                 = 90                                        {product} {command line}
     intx CICompilerCount                          = 12                                        {product} {ergonomic}
     uint GCTimeRatio                              = 4                                         {product} {command line}
     bool HeapDumpOnOutOfMemoryError               = true                                   {manageable} {command line}
    ccstr HeapDumpPath                             = c:\Users\boris\AppData\Roaming\Code\User\workspaceStorage\5e1fdd7b3f4ec2f9fcfb196862a3b336\redhat.java         {manageable} {command line}
   size_t InitialHeapSize                          = 104857600                                 {product} {command line}
   size_t MaxHeapSize                              = 1073741824                                {product} {command line}
   size_t MaxNewSize                               = 357564416                                 {product} {ergonomic}
   size_t MinHeapDeltaBytes                        = 524288                                    {product} {ergonomic}
   size_t MinHeapSize                              = 104857600                                 {product} {command line}
   size_t NewSize                                  = 34603008                                  {product} {ergonomic}
    uintx NonNMethodCodeHeapSize                   = 7602480                                {pd product} {ergonomic}
    uintx NonProfiledCodeHeapSize                  = 122027880                              {pd product} {ergonomic}
   size_t OldSize                                  = 70254592                                  {product} {ergonomic}
    uintx ProfiledCodeHeapSize                     = 122027880                              {pd product} {ergonomic}
    uintx ReservedCodeCacheSize                    = 251658240                              {pd product} {ergonomic}
     bool SegmentedCodeCache                       = true                                      {product} {ergonomic}
   size_t SoftMaxHeapSize                          = 1073741824                             {manageable} {ergonomic}
     bool UseCompressedOops                        = true                           {product lp64_product} {ergonomic}
     bool UseLargePagesIndividualAllocation        = false                                  {pd product} {ergonomic}
     bool UseParallelGC                            = true                                      {product} {command line}

Logging:
Log output configuration:
 #0: stdout all=off uptime,level,tags foldmultilines=false
 #1: stderr all=off uptime,level,tags foldmultilines=false

Environment Variables:
JAVA_HOME=C:\Program Files\Java\jdk-22
PATH=C:\Users\boris\AppData\Local\cloud-code\installer\google-cloud-sdk\bin;C:\Program Files\Java\jdk-24\bin;C:\Program Files\kotlinc\bin;C:\Program Files\Java\jdk-22\bin;C:\Program Files\Java\jdk-20\bin;C:\Program Files\Common Files\Oracle\Java\javapath;C:\Program Files\Microsoft\jdk-11.0.12.7-hotspot\bin;C:\app\boris\product\12.1.0\dbhome_1\bin;C:\Program Files\Java\jdk1.8.0_131\bin;C:\Program Files\Java\jdk1.8.0_131\jre\bin;C:\Users\boris\AppData\Local\Programs\Python\Python312\Scripts\;C:\Users\boris\AppData\Local\Programs\Python\Python312\;C:\Users\boris\AppData\Local\Programs\Python\Python311\Scripts\;C:\Users\boris\AppData\Local\Programs\Python\Python311\;C:\Users\boris\AppData\Roaming\Python\Python37\Scripts;C:\Users\boris\AppData\Roaming\Python\Python37\;C:\ProgramData\Anaconda3;C:\ProgramData\Anaconda3\Library\mingw-w64\bin;C:\ProgramData\Anaconda3\Library\usr\bin;C:\ProgramData\Anaconda3\Library\bin;C:\ProgramData\Anaconda3\Scripts\remove_this_word;C:\WINDOWS\system32;C:\WINDOWS;C:\WINDOWS\System32\Wbem;C:\WINDOWS\System32\WindowsPowerShell\v1.0\;C:\WINDOWS\System32\OpenSSH\;C:\cygwin64\bin;C:\Users\boris\Videos\flutter\bin;C:\Program Files\dotnet\;C:\Program Files\CMake\bin;C:\Program Files\apache-maven-3.8.4\bin;C:\xampp;C:\artifacts(WIX);C:\Program Files\Git\cmd;C:\Users\boris\Documents\NGROK;C:\WINDOWS\system32;C:\WINDOWS;C:\WINDOWS\System32\Wbem;C:\WINDOWS\System32\WindowsPowerShell\v1.0\;C:\WINDOWS\System32\OpenSSH\;C:\Program Files\heroku\bin;C:\Program Files\PuTTY\;C:\Program Files\PostgreSQL\16\bin;C:\Program Files\nodejs\;C:\Program Files (x86)\Incredibuild;C:\Program Files (x86)\Windows Kits\10\Windows Performance Toolkit\;C:\Program Files\Java\jdk-24\bin;C:\Program Files\kotlinc\bin;C:\Program Files\Java\jdk-22\bin;C:\Users\boris\AppData\Local\Programs\Python\Launcher\;C:\Users\boris\AppData\Local\Programs\Python\Python312\Scripts\;C:\Users\boris\AppData\Local\Programs\Python\Python312\;C:\Users\boris\AppData\Local\Programs\Python\Python311\Scripts\;C:\Users\boris\AppData\Local\Programs\Python\Python311\;C:\Users\boris\AppData\Roaming\Python\Python37\Scripts;C:\Users\boris\AppData\Roaming\Python\Python37\;C:\Program Files\Java\jdk-20\bin;C:\Users\boris\AppData\Roaming\nvm;C:\Users\boris\AppData\Local\Microsoft\WindowsApps;C:\cygwin64\bin;C:\Users\boris\Videos\flutter\bin;C:\Users\boris\AppData\Local\Programs\Microsoft VS Code\bin;C:\Users\boris\AppData\Local\Programs\Python\Python39\Scripts\;C:\Users\boris\AppData\Local\Programs\Python\Python39\;C:\Users\boris\AppData\Roaming\Composer\vendor\bin;C:\Users\boris\AppData\Local\GitHubDesktop\bin;C:\Program Files\Java\jdk1.8.0_131\bin;C:\Program Files\Java\jdk1.8.0_131\jre\bin;C:\Users\boris\AppData\Local\Android\Sdk\platform-tools;C:\artifacts(WIX);C:\Users\boris\.dotnet\tools;C:\ProgramData\chocolatey\bin;C:\Users\boris\.dotnet\tools;C:\Program Files (x86)\WiX Toolset v3.11\bin;C:\Users\boris\Documents\NGROK;C:\Users\boris\AppData\Local\Microsoft\WindowsApps;C:\Program Files\PostgreSQL\15\bin;C:\Program Files\PostgreSQL\16\bin;C:\Users\boris\Documents\Flutter\flutter\bin;C:\Users\boris\AppData\Local\Microsoft\WinGet\Packages\Schniz.fnm_Microsoft.Winget.Source_8wekyb3d8bbwe;C:\Users\boris\AppData\Roaming\npm;
USERNAME=boris
OS=Windows_NT
PROCESSOR_IDENTIFIER=AMD64 Family 23 Model 104 Stepping 1, AuthenticAMD
TMP=C:\Users\boris\AppData\Local\Temp
TEMP=C:\Users\boris\AppData\Local\Temp




Periodic native trim disabled

---------------  S Y S T E M  ---------------

OS:
 Windows 11 , 64 bit Build 26100 (10.0.26100.4484)
OS uptime: 2 days 14:38 hours
Hyper-V role detected

CPU: total 16 (initial active 16) (16 cores per cpu, 2 threads per core) family 23 model 104 stepping 1 microcode 0x8608109, cx8, cmov, fxsr, ht, mmx, 3dnowpref, sse, sse2, sse3, ssse3, sse4a, sse4.1, sse4.2, popcnt, lzcnt, tsc, tscinvbit, avx, avx2, aes, clmul, bmi1, bmi2, adx, sha, fma, vzeroupper, clflush, clflushopt, hv, rdtscp, rdpid, f16c
Processor Information for all 16 processors :
  Max Mhz: 1801, Current Mhz: 1801, Mhz Limit: 1801

Memory: 4k page, system-wide physical 15720M (924M free)
TotalPageFile size 45582M (AvailPageFile size 79M)
current process WorkingSet (physical memory assigned to process): 207M, peak: 208M
current process commit charge ("private bytes"): 321M, peak: 322M

vm_info: Java HotSpot(TM) 64-Bit Server VM (22.0.1+8-16) for windows-amd64 JRE (22.0.1+8-16), built on 2024-03-12T10:33:16Z by "mach5one" with MS VC++ 17.6 (VS2022)

END.
