#
# There is insufficient memory for the Java Runtime Environment to continue.
# Native memory allocation (malloc) failed to allocate 131088 bytes. Error detail: Chunk::new
# Possible reasons:
#   The system is out of physical RAM or swap space
#   This process is running with CompressedOops enabled, and the Java Heap may be blocking the growth of the native heap
# Possible solutions:
#   Reduce memory load on the system
#   Increase physical memory or swap space
#   Check if swap backing store is full
#   Decrease Java heap size (-Xmx/-Xms)
#   Decrease number of Java threads
#   Decrease Java thread stack sizes (-Xss)
#   Set larger code cache with -XX:ReservedCodeCacheSize=
#   JVM is running with Unscaled Compressed Oops mode in which the Java heap is
#     placed in the first 4GB address space. The Java Heap base address is the
#     maximum limit for the native heap growth. Please use -XX:HeapBaseMinAddress
#     to set the Java Heap base and to place the Java Heap above 4GB virtual address.
# This output file may be truncated or incomplete.
#
#  Out of Memory Error (arena.cpp:150), pid=35264, tid=43096
#
# JRE version: Java(TM) SE Runtime Environment (22.0.1+8) (build 22.0.1+8-16)
# Java VM: Java HotSpot(TM) 64-Bit Server VM (22.0.1+8-16, mixed mode, sharing, tiered, compressed oops, compressed class ptrs, parallel gc, windows-amd64)
# No core dump will be written. Minidumps are not enabled by default on client versions of Windows
#

---------------  S U M M A R Y ------------

Command Line: --add-modules=ALL-SYSTEM --add-opens=java.base/java.util=ALL-UNNAMED --add-opens=java.base/java.lang=ALL-UNNAMED --add-opens=java.base/sun.nio.fs=ALL-UNNAMED -Declipse.application=org.eclipse.jdt.ls.core.id1 -Dosgi.bundles.defaultStartLevel=4 -Declipse.product=org.eclipse.jdt.ls.core.product -Djava.import.generatesMetadataFilesAtProjectRoot=false -DDetectVMInstallationsJob.disabled=true -Dfile.encoding=utf8 -Xlog:disable -XX:+UseParallelGC -XX:GCTimeRatio=4 -XX:AdaptiveSizePolicyWeight=90 -Dsun.zip.disableMemoryMapping=true -Xmx1G -Xms100m -javaagent:c:\Users\boris\.vscode\extensions\redhat.java-1.43.1\lombok\lombok-1.18.39-4050.jar c:\Users\boris\.vscode\extensions\redhat.java-1.43.1\server\plugins\org.eclipse.equinox.launcher_1.7.0.v20250519-0528.jar -configuration c:\Users\boris\AppData\Roaming\Code\User\globalStorage\redhat.java\1.43.1\config_ss_win -data c:\Users\boris\AppData\Roaming\Code\User\workspaceStorage\5e1fdd7b3f4ec2f9fcfb196862a3b336\redhat.java\ss_ws --pipe=\\.\pipe\lsp-9e57b2e973029e996cc38ad2e9ff39d1-sock

Host: AMD Ryzen 7 5700U with Radeon Graphics         , 16 cores, 15G,  Windows 11 , 64 bit Build 26100 (10.0.26100.4484)
Time: Thu Jul  3 06:50:36 2025 W. Central Africa Standard Time elapsed time: 4.825926 seconds (0d 0h 0m 4s)

---------------  T H R E A D  ---------------

Current thread (0x000002b3716cce00):  JavaThread "C2 CompilerThread0" daemon [_thread_in_native, id=43096, stack(0x000000e9aa000000,0x000000e9aa100000) (1024K)]


Current CompileTask:
C2:4826 2293       4       org.apache.felix.resolver.ResolverImpl::mergeUses (495 bytes)

Stack: [0x000000e9aa000000,0x000000e9aa100000]
Native frames: (J=compiled Java code, j=interpreted, Vv=VM code, C=native code)
V  [jvm.dll+0x6e2279]  (no source info available)
V  [jvm.dll+0x874e33]  (no source info available)
V  [jvm.dll+0x87725e]  (no source info available)
V  [jvm.dll+0x877933]  (no source info available)
V  [jvm.dll+0x27fd76]  (no source info available)
V  [jvm.dll+0xc3d0f]  (no source info available)
V  [jvm.dll+0xc40fb]  (no source info available)
V  [jvm.dll+0xc3bbb]  (no source info available)
V  [jvm.dll+0x141776]  (no source info available)
V  [jvm.dll+0x72fe39]  (no source info available)
V  [jvm.dll+0x72d8e0]  (no source info available)
V  [jvm.dll+0x1df5ae]  (no source info available)
V  [jvm.dll+0x247a5c]  (no source info available)
V  [jvm.dll+0x246fbf]  (no source info available)
V  [jvm.dll+0x1c4e90]  (no source info available)
V  [jvm.dll+0x2569fe]  (no source info available)
V  [jvm.dll+0x254cba]  (no source info available)
V  [jvm.dll+0x3f5336]  (no source info available)
V  [jvm.dll+0x81d44b]  (no source info available)
V  [jvm.dll+0x6e0915]  (no source info available)
C  [ucrtbase.dll+0x37b0]  (no source info available)
C  [KERNEL32.DLL+0x2e8d7]  (no source info available)
C  [ntdll.dll+0x3c34c]  (no source info available)


---------------  P R O C E S S  ---------------

Threads class SMR info:
_java_thread_list=0x000002b377e95420, length=34, elements={
0x000002b3139cf1e0, 0x000002b3701e8fe0, 0x000002b3701ec080, 0x000002b3701f10f0,
0x000002b3701f1d50, 0x000002b3701fd1c0, 0x000002b3701fe590, 0x000002b3716cce00,
0x000002b3716e38d0, 0x000002b3717ddd10, 0x000002b3717eb8d0, 0x000002b3717edfa0,
0x000002b3771b6ff0, 0x000002b3779dded0, 0x000002b3779e9cd0, 0x000002b3779eab60,
0x000002b377938130, 0x000002b377938fc0, 0x000002b377943ea0, 0x000002b37791d0e0,
0x000002b3779a9a80, 0x000002b3779ac870, 0x000002b3779aae30, 0x000002b3779ab4c0,
0x000002b3779aa110, 0x000002b3779abb50, 0x000002b3779acf00, 0x000002b3779ac1e0,
0x000002b3779aa7a0, 0x000002b377c9d230, 0x000002b377c9ec70, 0x000002b377c9cba0,
0x000002b377c9d8c0, 0x000002b377c9df50
}

Java Threads: ( => current thread )
  0x000002b3139cf1e0 JavaThread "main"                              [_thread_blocked, id=50752, stack(0x000000e9a9600000,0x000000e9a9700000) (1024K)]
  0x000002b3701e8fe0 JavaThread "Reference Handler"          daemon [_thread_blocked, id=41488, stack(0x000000e9a9a00000,0x000000e9a9b00000) (1024K)]
  0x000002b3701ec080 JavaThread "Finalizer"                  daemon [_thread_blocked, id=25684, stack(0x000000e9a9b00000,0x000000e9a9c00000) (1024K)]
  0x000002b3701f10f0 JavaThread "Signal Dispatcher"          daemon [_thread_blocked, id=32276, stack(0x000000e9a9c00000,0x000000e9a9d00000) (1024K)]
  0x000002b3701f1d50 JavaThread "Attach Listener"            daemon [_thread_blocked, id=33424, stack(0x000000e9a9d00000,0x000000e9a9e00000) (1024K)]
  0x000002b3701fd1c0 JavaThread "Service Thread"             daemon [_thread_blocked, id=3208, stack(0x000000e9a9e00000,0x000000e9a9f00000) (1024K)]
  0x000002b3701fe590 JavaThread "Monitor Deflation Thread"   daemon [_thread_blocked, id=42276, stack(0x000000e9a9f00000,0x000000e9aa000000) (1024K)]
=>0x000002b3716cce00 JavaThread "C2 CompilerThread0"         daemon [_thread_in_native, id=43096, stack(0x000000e9aa000000,0x000000e9aa100000) (1024K)]
  0x000002b3716e38d0 JavaThread "C1 CompilerThread0"         daemon [_thread_blocked, id=36484, stack(0x000000e9aa100000,0x000000e9aa200000) (1024K)]
  0x000002b3717ddd10 JavaThread "Common-Cleaner"             daemon [_thread_blocked, id=41860, stack(0x000000e9aa200000,0x000000e9aa300000) (1024K)]
  0x000002b3717eb8d0 JavaThread "C1 CompilerThread1"         daemon [_thread_blocked, id=33628, stack(0x000000e9aa300000,0x000000e9aa400000) (1024K)]
  0x000002b3717edfa0 JavaThread "C1 CompilerThread2"         daemon [_thread_blocked, id=2968, stack(0x000000e9aa400000,0x000000e9aa500000) (1024K)]
  0x000002b3771b6ff0 JavaThread "Notification Thread"        daemon [_thread_blocked, id=16732, stack(0x000000e9aa500000,0x000000e9aa600000) (1024K)]
  0x000002b3779dded0 JavaThread "Equinox resolver thread - Equinox Container: 4d9090b3-4838-4e0d-a2af-af0aa438f66b" daemon [_thread_blocked, id=12720, stack(0x000000e9aae00000,0x000000e9aaf00000) (1024K)]
  0x000002b3779e9cd0 JavaThread "Equinox resolver thread - Equinox Container: 4d9090b3-4838-4e0d-a2af-af0aa438f66b" daemon [_thread_blocked, id=27508, stack(0x000000e9aaf00000,0x000000e9ab000000) (1024K)]
  0x000002b3779eab60 JavaThread "Equinox resolver thread - Equinox Container: 4d9090b3-4838-4e0d-a2af-af0aa438f66b" daemon [_thread_blocked, id=46788, stack(0x000000e9ab000000,0x000000e9ab100000) (1024K)]
  0x000002b377938130 JavaThread "Equinox resolver thread - Equinox Container: 4d9090b3-4838-4e0d-a2af-af0aa438f66b" daemon [_thread_blocked, id=42540, stack(0x000000e9ab100000,0x000000e9ab200000) (1024K)]
  0x000002b377938fc0 JavaThread "Equinox resolver thread - Equinox Container: 4d9090b3-4838-4e0d-a2af-af0aa438f66b" daemon [_thread_blocked, id=22860, stack(0x000000e9ab200000,0x000000e9ab300000) (1024K)]
  0x000002b377943ea0 JavaThread "Equinox resolver thread - Equinox Container: 4d9090b3-4838-4e0d-a2af-af0aa438f66b" daemon [_thread_blocked, id=50608, stack(0x000000e9ab300000,0x000000e9ab400000) (1024K)]
  0x000002b37791d0e0 JavaThread "Active Thread: Equinox Container: 4d9090b3-4838-4e0d-a2af-af0aa438f66b"        [_thread_blocked, id=48824, stack(0x000000e9aa600000,0x000000e9aa700000) (1024K)]
  0x000002b3779a9a80 JavaThread "Framework Event Dispatcher: Equinox Container: 4d9090b3-4838-4e0d-a2af-af0aa438f66b" daemon [_thread_blocked, id=42568, stack(0x000000e9ab400000,0x000000e9ab500000) (1024K)]
  0x000002b3779ac870 JavaThread "Start Level: Equinox Container: 4d9090b3-4838-4e0d-a2af-af0aa438f66b" daemon [_thread_in_Java, id=42748, stack(0x000000e9ab500000,0x000000e9ab600000) (1024K)]
  0x000002b3779aae30 JavaThread "Refresh Thread: Equinox Container: 4d9090b3-4838-4e0d-a2af-af0aa438f66b" daemon [_thread_blocked, id=43992, stack(0x000000e9ab700000,0x000000e9ab800000) (1024K)]
  0x000002b3779ab4c0 JavaThread "Equinox resolver thread - Equinox Container: 4d9090b3-4838-4e0d-a2af-af0aa438f66b" daemon [_thread_blocked, id=17796, stack(0x000000e9ab800000,0x000000e9ab900000) (1024K)]
  0x000002b3779aa110 JavaThread "Equinox resolver thread - Equinox Container: 4d9090b3-4838-4e0d-a2af-af0aa438f66b" daemon [_thread_blocked, id=39132, stack(0x000000e9ab900000,0x000000e9aba00000) (1024K)]
  0x000002b3779abb50 JavaThread "Equinox resolver thread - Equinox Container: 4d9090b3-4838-4e0d-a2af-af0aa438f66b" daemon [_thread_blocked, id=21668, stack(0x000000e9aba00000,0x000000e9abb00000) (1024K)]
  0x000002b3779acf00 JavaThread "Equinox resolver thread - Equinox Container: 4d9090b3-4838-4e0d-a2af-af0aa438f66b" daemon [_thread_blocked, id=31432, stack(0x000000e9abb00000,0x000000e9abc00000) (1024K)]
  0x000002b3779ac1e0 JavaThread "Equinox resolver thread - Equinox Container: 4d9090b3-4838-4e0d-a2af-af0aa438f66b" daemon [_thread_blocked, id=40336, stack(0x000000e9abc00000,0x000000e9abd00000) (1024K)]
  0x000002b3779aa7a0 JavaThread "Equinox resolver thread - Equinox Container: 4d9090b3-4838-4e0d-a2af-af0aa438f66b" daemon [_thread_blocked, id=6600, stack(0x000000e9abd00000,0x000000e9abe00000) (1024K)]
  0x000002b377c9d230 JavaThread "Equinox resolver thread - Equinox Container: 4d9090b3-4838-4e0d-a2af-af0aa438f66b" daemon [_thread_blocked, id=46400, stack(0x000000e9abe00000,0x000000e9abf00000) (1024K)]
  0x000002b377c9ec70 JavaThread "Equinox resolver thread - Equinox Container: 4d9090b3-4838-4e0d-a2af-af0aa438f66b" daemon [_thread_blocked, id=42680, stack(0x000000e9abf00000,0x000000e9ac000000) (1024K)]
  0x000002b377c9cba0 JavaThread "Equinox resolver thread - Equinox Container: 4d9090b3-4838-4e0d-a2af-af0aa438f66b" daemon [_thread_blocked, id=22324, stack(0x000000e9ac000000,0x000000e9ac100000) (1024K)]
  0x000002b377c9d8c0 JavaThread "Equinox resolver thread - Equinox Container: 4d9090b3-4838-4e0d-a2af-af0aa438f66b" daemon [_thread_blocked, id=40696, stack(0x000000e9ac100000,0x000000e9ac200000) (1024K)]
  0x000002b377c9df50 JavaThread "SCR Component Actor"        daemon [_thread_blocked, id=28532, stack(0x000000e9ac400000,0x000000e9ac500000) (1024K)]
Total: 34

Other Threads:
  0x000002b3701e2400 VMThread "VM Thread"                           [id=48228, stack(0x000000e9a9900000,0x000000e9a9a00000) (1024K)]
  0x000002b3700dca00 WatcherThread "VM Periodic Task Thread"        [id=47796, stack(0x000000e9a9800000,0x000000e9a9900000) (1024K)]
  0x000002b315c305f0 WorkerThread "GC Thread#0"                     [id=1224, stack(0x000000e9a9700000,0x000000e9a9800000) (1024K)]
  0x000002b3777a61d0 WorkerThread "GC Thread#1"                     [id=51172, stack(0x000000e9aa800000,0x000000e9aa900000) (1024K)]
  0x000002b377951210 WorkerThread "GC Thread#2"                     [id=30928, stack(0x000000e9aa900000,0x000000e9aaa00000) (1024K)]
  0x000002b37726cee0 WorkerThread "GC Thread#3"                     [id=48084, stack(0x000000e9aaa00000,0x000000e9aab00000) (1024K)]
  0x000002b37726d290 WorkerThread "GC Thread#4"                     [id=3880, stack(0x000000e9aab00000,0x000000e9aac00000) (1024K)]
  0x000002b37726de50 WorkerThread "GC Thread#5"                     [id=36964, stack(0x000000e9aac00000,0x000000e9aad00000) (1024K)]
  0x000002b3775d1dd0 WorkerThread "GC Thread#6"                     [id=32772, stack(0x000000e9aad00000,0x000000e9aae00000) (1024K)]
  0x000002b3779e8c70 WorkerThread "GC Thread#7"                     [id=43940, stack(0x000000e9aa700000,0x000000e9aa800000) (1024K)]
  0x000002b3779e9020 WorkerThread "GC Thread#8"                     [id=35644, stack(0x000000e9ac300000,0x000000e9ac400000) (1024K)]
Total: 11

Threads with active compile tasks:
C2 CompilerThread0  4966 2293       4       org.apache.felix.resolver.ResolverImpl::mergeUses (495 bytes)
Total: 1

VM state: not at safepoint (normal execution)

VM Mutex/Monitor currently owned by a thread: None

Heap address: 0x00000000c0000000, size: 1024 MB, Compressed Oops mode: 32-bit

CDS archive(s) mapped at: [0x000002b32f000000-0x000002b32fc60000-0x000002b32fc60000), size 12976128, SharedBaseAddress: 0x000002b32f000000, ArchiveRelocationMode: 1.
Compressed class space mapped at: 0x000002b330000000-0x000002b370000000, reserved size: 1073741824
Narrow klass base: 0x000002b32f000000, Narrow klass shift: 0, Narrow klass range: 0x41000000

GC Precious Log:
 CardTable entry size: 512
 CPUs: 16 total, 16 available
 Memory: 15720M
 Large Page Support: Disabled
 NUMA Support: Disabled
 Compressed Oops: Enabled (32-bit)
 Alignments: Space 512K, Generation 512K, Heap 2M
 Heap Min Capacity: 100M
 Heap Initial Capacity: 100M
 Heap Max Capacity: 1G
 Pre-touch: Disabled
 Parallel Workers: 13

Heap:
 PSYoungGen      total 29696K, used 7121K [0x00000000eab00000, 0x00000000ecc00000, 0x0000000100000000)
  eden space 25600K, 11% used [0x00000000eab00000,0x00000000eadf4990,0x00000000ec400000)
  from space 4096K, 99% used [0x00000000ec400000,0x00000000ec7ffd60,0x00000000ec800000)
  to   space 4096K, 0% used [0x00000000ec800000,0x00000000ec800000,0x00000000ecc00000)
 ParOldGen       total 68608K, used 3032K [0x00000000c0000000, 0x00000000c4300000, 0x00000000eab00000)
  object space 68608K, 4% used [0x00000000c0000000,0x00000000c02f6248,0x00000000c4300000)
 Metaspace       used 9399K, committed 9728K, reserved 1114112K
  class space    used 961K, committed 1088K, reserved 1048576K

Card table byte_map: [0x000002b3155b0000,0x000002b3157c0000] _byte_map_base: 0x000002b314fb0000

Marking Bits: (ParMarkBitMap*) 0x00007ffa66e20b50
 Begin Bits: [0x000002b32cf50000, 0x000002b32df50000)
 End Bits:   [0x000002b32df50000, 0x000002b32ef50000)

Polling page: 0x000002b313b30000

Metaspace:

Usage:
  Non-class:      8.24 MB used.
      Class:    961.51 KB used.
       Both:      9.18 MB used.

Virtual space:
  Non-class space:       64.00 MB reserved,       8.44 MB ( 13%) committed,  1 nodes.
      Class space:        1.00 GB reserved,       1.06 MB ( <1%) committed,  1 nodes.
             Both:        1.06 GB reserved,       9.50 MB ( <1%) committed. 

Chunk freelists:
   Non-Class:  7.41 MB
       Class:  14.78 MB
        Both:  22.19 MB

MaxMetaspaceSize: unlimited
CompressedClassSpaceSize: 1.00 GB
Initial GC threshold: 21.00 MB
Current GC threshold: 21.00 MB
CDS: on
 - commit_granule_bytes: 65536.
 - commit_granule_words: 8192.
 - virtual_space_node_default_size: 8388608.
 - enlarge_chunks_in_place: 1.
 - use_allocation_guard: 0.


Internal statistics:

num_allocs_failed_limit: 0.
num_arena_births: 238.
num_arena_deaths: 0.
num_vsnodes_births: 2.
num_vsnodes_deaths: 0.
num_space_committed: 152.
num_space_uncommitted: 0.
num_chunks_returned_to_freelist: 0.
num_chunks_taken_from_freelist: 481.
num_chunk_merges: 0.
num_chunk_splits: 317.
num_chunks_enlarged: 214.
num_inconsistent_stats: 0.

CodeHeap 'non-profiled nmethods': size=119168Kb used=953Kb max_used=953Kb free=118214Kb
 bounds [0x000002b325af0000, 0x000002b325d60000, 0x000002b32cf50000]
CodeHeap 'profiled nmethods': size=119104Kb used=4763Kb max_used=4763Kb free=114341Kb
 bounds [0x000002b31df50000, 0x000002b31e400000, 0x000002b3253a0000]
CodeHeap 'non-nmethods': size=7488Kb used=2356Kb max_used=2385Kb free=5131Kb
 bounds [0x000002b3253a0000, 0x000002b325610000, 0x000002b325af0000]
 total_blobs=2949 nmethods=2458 adapters=395
 compilation: enabled
              stopped_count=0, restarted_count=0
 full_count=0

Compilation events (20 events):
Event: 4.725 Thread 0x000002b3716e38d0 2433       3       java.util.LinkedHashMap$LinkedKeySet::iterator (16 bytes)
Event: 4.725 Thread 0x000002b3717edfa0 2434       3       java.util.LinkedHashMap$LinkedKeyIterator::<init> (7 bytes)
Event: 4.725 Thread 0x000002b3717edfa0 nmethod 2434 0x000002b31e3ed910 code [0x000002b31e3edac0, 0x000002b31e3edbf8]
Event: 4.725 Thread 0x000002b3716e38d0 nmethod 2433 0x000002b31e3edc90 code [0x000002b31e3ede40, 0x000002b31e3ee058]
Event: 4.751 Thread 0x000002b377b284e0 2435       4       java.util.Arrays::copyOf (40 bytes)
Event: 4.779 Thread 0x000002b377b284e0 nmethod 2435 0x000002b325bdbe90 code [0x000002b325bdc040, 0x000002b325bdc528]
Event: 4.791 Thread 0x000002b3717edfa0 2437       3       org.eclipse.osgi.internal.framework.EquinoxConfiguration::getProperty (9 bytes)
Event: 4.792 Thread 0x000002b3717edfa0 nmethod 2437 0x000002b31e3ee190 code [0x000002b31e3ee3e0, 0x000002b31e3eeb78]
Event: 4.797 Thread 0x000002b3779a42d0 2438       4       java.lang.StringLatin1::indexOf (121 bytes)
Event: 4.799 Thread 0x000002b3716e38d0 2439       3       org.eclipse.osgi.internal.framework.BundleContextImpl::getProperty (25 bytes)
Event: 4.800 Thread 0x000002b3716e38d0 nmethod 2439 0x000002b31e3eee10 code [0x000002b31e3ef020, 0x000002b31e3ef5a0]
Event: 4.802 Thread 0x000002b3779a42d0 nmethod 2438 0x000002b325bdc790 code [0x000002b325bdc920, 0x000002b325bdcbe8]
Event: 4.802 Thread 0x000002b3716e38d0 2440       3       java.util.Collections$UnmodifiableMap::getOrDefault (12 bytes)
Event: 4.802 Thread 0x000002b3716e38d0 nmethod 2440 0x000002b31e3ef810 code [0x000002b31e3ef9c0, 0x000002b31e3efb98]
Event: 4.806 Thread 0x000002b3779a42d0 2441       4       java.util.ArrayList::isEmpty (13 bytes)
Event: 4.806 Thread 0x000002b3779a42d0 nmethod 2441 0x000002b325bdce10 code [0x000002b325bdcf80, 0x000002b325bdd018]
Event: 4.814 Thread 0x000002b3717edfa0 2442       1       org.eclipse.osgi.internal.loader.EquinoxClassLoader::getBundleLoader (5 bytes)
Event: 4.814 Thread 0x000002b3717edfa0 nmethod 2442 0x000002b325bdd110 code [0x000002b325bdd2a0, 0x000002b325bdd368]
Event: 4.820 Thread 0x000002b3716e38d0 2443       1       org.eclipse.osgi.internal.hookregistry.ClassLoaderHook::preFindClass (2 bytes)
Event: 4.821 Thread 0x000002b3716e38d0 nmethod 2443 0x000002b325bdd410 code [0x000002b325bdd5a0, 0x000002b325bdd670]

GC Heap History (6 events):
Event: 1.730 GC heap before
{Heap before GC invocations=1 (full 0):
 PSYoungGen      total 29696K, used 25600K [0x00000000eab00000, 0x00000000ecc00000, 0x0000000100000000)
  eden space 25600K, 100% used [0x00000000eab00000,0x00000000ec400000,0x00000000ec400000)
  from space 4096K, 0% used [0x00000000ec800000,0x00000000ec800000,0x00000000ecc00000)
  to   space 4096K, 0% used [0x00000000ec400000,0x00000000ec400000,0x00000000ec800000)
 ParOldGen       total 68608K, used 0K [0x00000000c0000000, 0x00000000c4300000, 0x00000000eab00000)
  object space 68608K, 0% used [0x00000000c0000000,0x00000000c0000000,0x00000000c4300000)
 Metaspace       used 4383K, committed 4608K, reserved 1114112K
  class space    used 460K, committed 576K, reserved 1048576K
}
Event: 1.749 GC heap after
{Heap after GC invocations=1 (full 0):
 PSYoungGen      total 29696K, used 3761K [0x00000000eab00000, 0x00000000ecc00000, 0x0000000100000000)
  eden space 25600K, 0% used [0x00000000eab00000,0x00000000eab00000,0x00000000ec400000)
  from space 4096K, 91% used [0x00000000ec400000,0x00000000ec7ac7a0,0x00000000ec800000)
  to   space 4096K, 0% used [0x00000000ec800000,0x00000000ec800000,0x00000000ecc00000)
 ParOldGen       total 68608K, used 8K [0x00000000c0000000, 0x00000000c4300000, 0x00000000eab00000)
  object space 68608K, 0% used [0x00000000c0000000,0x00000000c0002000,0x00000000c4300000)
 Metaspace       used 4383K, committed 4608K, reserved 1114112K
  class space    used 460K, committed 576K, reserved 1048576K
}
Event: 3.598 GC heap before
{Heap before GC invocations=2 (full 0):
 PSYoungGen      total 29696K, used 29361K [0x00000000eab00000, 0x00000000ecc00000, 0x0000000100000000)
  eden space 25600K, 100% used [0x00000000eab00000,0x00000000ec400000,0x00000000ec400000)
  from space 4096K, 91% used [0x00000000ec400000,0x00000000ec7ac7a0,0x00000000ec800000)
  to   space 4096K, 0% used [0x00000000ec800000,0x00000000ec800000,0x00000000ecc00000)
 ParOldGen       total 68608K, used 8K [0x00000000c0000000, 0x00000000c4300000, 0x00000000eab00000)
  object space 68608K, 0% used [0x00000000c0000000,0x00000000c0002000,0x00000000c4300000)
 Metaspace       used 8197K, committed 8448K, reserved 1114112K
  class space    used 848K, committed 960K, reserved 1048576K
}
Event: 3.605 GC heap after
{Heap after GC invocations=2 (full 0):
 PSYoungGen      total 29696K, used 4071K [0x00000000eab00000, 0x00000000ecc00000, 0x0000000100000000)
  eden space 25600K, 0% used [0x00000000eab00000,0x00000000eab00000,0x00000000ec400000)
  from space 4096K, 99% used [0x00000000ec800000,0x00000000ecbf9c68,0x00000000ecc00000)
  to   space 4096K, 0% used [0x00000000ec400000,0x00000000ec400000,0x00000000ec800000)
 ParOldGen       total 68608K, used 56K [0x00000000c0000000, 0x00000000c4300000, 0x00000000eab00000)
  object space 68608K, 0% used [0x00000000c0000000,0x00000000c000e000,0x00000000c4300000)
 Metaspace       used 8197K, committed 8448K, reserved 1114112K
  class space    used 848K, committed 960K, reserved 1048576K
}
Event: 4.752 GC heap before
{Heap before GC invocations=3 (full 0):
 PSYoungGen      total 29696K, used 29671K [0x00000000eab00000, 0x00000000ecc00000, 0x0000000100000000)
  eden space 25600K, 100% used [0x00000000eab00000,0x00000000ec400000,0x00000000ec400000)
  from space 4096K, 99% used [0x00000000ec800000,0x00000000ecbf9c68,0x00000000ecc00000)
  to   space 4096K, 0% used [0x00000000ec400000,0x00000000ec400000,0x00000000ec800000)
 ParOldGen       total 68608K, used 56K [0x00000000c0000000, 0x00000000c4300000, 0x00000000eab00000)
  object space 68608K, 0% used [0x00000000c0000000,0x00000000c000e000,0x00000000c4300000)
 Metaspace       used 9015K, committed 9280K, reserved 1114112K
  class space    used 913K, committed 1024K, reserved 1048576K
}
Event: 4.761 GC heap after
{Heap after GC invocations=3 (full 0):
 PSYoungGen      total 29696K, used 4095K [0x00000000eab00000, 0x00000000ecc00000, 0x0000000100000000)
  eden space 25600K, 0% used [0x00000000eab00000,0x00000000eab00000,0x00000000ec400000)
  from space 4096K, 99% used [0x00000000ec400000,0x00000000ec7ffd60,0x00000000ec800000)
  to   space 4096K, 0% used [0x00000000ec800000,0x00000000ec800000,0x00000000ecc00000)
 ParOldGen       total 68608K, used 3032K [0x00000000c0000000, 0x00000000c4300000, 0x00000000eab00000)
  object space 68608K, 4% used [0x00000000c0000000,0x00000000c02f6248,0x00000000c4300000)
 Metaspace       used 9015K, committed 9280K, reserved 1114112K
  class space    used 913K, committed 1024K, reserved 1048576K
}

Dll operation events (10 events):
Event: 0.040 Loaded shared library C:\Program Files\Java\jdk-22\bin\java.dll
Event: 0.118 Loaded shared library C:\Program Files\Java\jdk-22\bin\jsvml.dll
Event: 0.234 Loaded shared library C:\Program Files\Java\jdk-22\bin\zip.dll
Event: 0.247 Loaded shared library C:\Program Files\Java\jdk-22\bin\instrument.dll
Event: 0.257 Loaded shared library C:\Program Files\Java\jdk-22\bin\net.dll
Event: 0.262 Loaded shared library C:\Program Files\Java\jdk-22\bin\nio.dll
Event: 0.270 Loaded shared library C:\Program Files\Java\jdk-22\bin\zip.dll
Event: 0.307 Loaded shared library C:\Program Files\Java\jdk-22\bin\jimage.dll
Event: 0.473 Loaded shared library C:\Program Files\Java\jdk-22\bin\verify.dll
Event: 4.316 Loaded shared library C:\Users\boris\AppData\Roaming\Code\User\globalStorage\redhat.java\1.43.1\config_ss_win\org.eclipse.equinox.launcher\org.eclipse.equinox.launcher.win32.win32.x86_64_1.2.1300.v20250331-1702\eclipse_11911.dll

Deoptimization events (20 events):
Event: 4.654 Thread 0x000002b3779aae30 Uncommon trap: trap_request=0xffffffcc fr.pc=0x000002b325bc0fec relative=0x000000000000032c
Event: 4.655 Thread 0x000002b3779aae30 Uncommon trap: reason=intrinsic_or_type_checked_inlining action=make_not_entrant pc=0x000002b325bc0fec method=java.util.Arrays.copyOf([Ljava/lang/Object;ILjava/lang/Class;)[Ljava/lang/Object; @ 35 c2
Event: 4.655 Thread 0x000002b3779aae30 DEOPT PACKING pc=0x000002b325bc0fec sp=0x000000e9ab7fd6f0
Event: 4.655 Thread 0x000002b3779aae30 DEOPT UNPACKING pc=0x000002b3253f3aa2 sp=0x000000e9ab7fd698 mode 2
Event: 4.663 Thread 0x000002b3779aae30 DEOPT PACKING pc=0x000002b31e0e4988 sp=0x000000e9ab7fca90
Event: 4.664 Thread 0x000002b3779aae30 DEOPT UNPACKING pc=0x000002b3253f4242 sp=0x000000e9ab7fbf10 mode 0
Event: 4.666 Thread 0x000002b3779aae30 DEOPT PACKING pc=0x000002b31e056986 sp=0x000000e9ab7fc940
Event: 4.667 Thread 0x000002b3779aae30 DEOPT UNPACKING pc=0x000002b3253f4242 sp=0x000000e9ab7fbdc0 mode 0
Event: 4.679 Thread 0x000002b3779aae30 DEOPT PACKING pc=0x000002b31e0e4988 sp=0x000000e9ab7fcd90
Event: 4.680 Thread 0x000002b3779aae30 DEOPT UNPACKING pc=0x000002b3253f4242 sp=0x000000e9ab7fc210 mode 0
Event: 4.681 Thread 0x000002b3779aae30 DEOPT PACKING pc=0x000002b31e056986 sp=0x000000e9ab7fcba0
Event: 4.681 Thread 0x000002b3779aae30 DEOPT UNPACKING pc=0x000002b3253f4242 sp=0x000000e9ab7fc020 mode 0
Event: 4.681 Thread 0x000002b3779aae30 DEOPT PACKING pc=0x000002b31e0e4988 sp=0x000000e9ab7fcce0
Event: 4.681 Thread 0x000002b3779aae30 DEOPT UNPACKING pc=0x000002b3253f4242 sp=0x000000e9ab7fc160 mode 0
Event: 4.683 Thread 0x000002b3779aae30 DEOPT PACKING pc=0x000002b31e0e4988 sp=0x000000e9ab7fcff0
Event: 4.683 Thread 0x000002b3779aae30 DEOPT UNPACKING pc=0x000002b3253f4242 sp=0x000000e9ab7fc470 mode 0
Event: 4.781 Thread 0x000002b3779ac870 Uncommon trap: trap_request=0xffffff6e fr.pc=0x000002b325b61908 relative=0x0000000000000368
Event: 4.781 Thread 0x000002b3779ac870 Uncommon trap: reason=loop_limit_check action=maybe_recompile pc=0x000002b325b61908 method=java.lang.StringLatin1.indexOf([BI[BII)I @ 37 c2
Event: 4.781 Thread 0x000002b3779ac870 DEOPT PACKING pc=0x000002b325b61908 sp=0x000000e9ab5f8ec0
Event: 4.781 Thread 0x000002b3779ac870 DEOPT UNPACKING pc=0x000002b3253f3aa2 sp=0x000000e9ab5f8e20 mode 2

Classes loaded (20 events):
Event: 3.240 Loading class java/lang/Thread$Builder$OfVirtual
Event: 3.240 Loading class java/lang/Thread$Builder$OfVirtual done
Event: 3.616 Loading class java/util/MissingResourceException
Event: 3.616 Loading class java/util/MissingResourceException done
Event: 4.317 Loading class java/util/concurrent/locks/AbstractQueuedSynchronizer$SharedNode
Event: 4.317 Loading class java/util/concurrent/locks/AbstractQueuedSynchronizer$SharedNode done
Event: 4.320 Loading class java/util/ArrayList$ListItr
Event: 4.321 Loading class java/util/ArrayList$ListItr done
Event: 4.327 Loading class java/util/Collections$ReverseComparator
Event: 4.328 Loading class java/util/Collections$ReverseComparator done
Event: 4.328 Loading class java/util/Comparators$NaturalOrderComparator
Event: 4.329 Loading class java/util/Comparators$NaturalOrderComparator done
Event: 4.329 Loading class java/util/Collections$ReverseComparator2
Event: 4.329 Loading class java/util/Collections$ReverseComparator2 done
Event: 4.511 Loading class java/util/AbstractList$Itr
Event: 4.527 Loading class java/util/AbstractList$Itr done
Event: 4.727 Loading class java/util/concurrent/CountDownLatch$Sync
Event: 4.728 Loading class java/util/concurrent/CountDownLatch$Sync done
Event: 4.800 Loading class java/lang/IllegalAccessError
Event: 4.800 Loading class java/lang/IllegalAccessError done

Classes unloaded (0 events):
No events

Classes redefined (0 events):
No events

Internal exceptions (20 events):
Event: 1.402 Thread 0x000002b3139cf1e0 Exception <a 'sun/nio/fs/WindowsException'{0x00000000ebcc0840}> (0x00000000ebcc0840) 
thrown [s\open\src\hotspot\share\prims\jni.cpp, line 520]
Event: 1.657 Thread 0x000002b3139cf1e0 Exception <a 'java/lang/NoSuchMethodError'{0x00000000ec145360}: 'java.lang.ClassLoader java.lang.ClassLoader.getPlatformClassLoader(java.lang.Class)'> (0x00000000ec145360) 
thrown [s\open\src\hotspot\share\interpreter\linkResolver.cpp, line 774]
Event: 1.824 Thread 0x000002b3139cf1e0 Exception <a 'java/lang/ClassNotFoundException'{0x00000000ead7c120}: sun/net/www/protocol/c/Handler> (0x00000000ead7c120) 
thrown [s\open\src\hotspot\share\classfile\systemDictionary.cpp, line 313]
Event: 1.825 Thread 0x000002b3139cf1e0 Exception <a 'java/lang/ClassNotFoundException'{0x00000000ead7d538}: sun/net/www/protocol/c/Handler> (0x00000000ead7d538) 
thrown [s\open\src\hotspot\share\classfile\systemDictionary.cpp, line 313]
Event: 1.826 Thread 0x000002b3139cf1e0 Exception <a 'java/lang/ClassNotFoundException'{0x00000000ead7e7e8}: sun/net/www/protocol/c/Handler> (0x00000000ead7e7e8) 
thrown [s\open\src\hotspot\share\classfile\systemDictionary.cpp, line 313]
Event: 1.851 Thread 0x000002b3139cf1e0 Exception <a 'java/io/FileNotFoundException'{0x00000000eada2e50}> (0x00000000eada2e50) 
thrown [s\open\src\hotspot\share\prims\jni.cpp, line 520]
Event: 1.945 Thread 0x000002b3139cf1e0 Implicit null exception at 0x000002b325b47329 to 0x000002b325b47c9c
Event: 1.945 Thread 0x000002b3139cf1e0 Implicit null exception at 0x000002b325b4a99a to 0x000002b325b4aba0
Event: 1.947 Thread 0x000002b3139cf1e0 Exception <a 'java/lang/NoSuchMethodError'{0x00000000eaecfd60}: 'void java.lang.invoke.DirectMethodHandle$Holder.invokeStatic(java.lang.Object, java.lang.Object, java.lang.Object, java.lang.Object)'> (0x00000000eaecfd60) 
thrown [s\open\src\hotspot\share\interpreter\linkResolver.cpp, line 774]
Event: 1.950 Thread 0x000002b3139cf1e0 Implicit null exception at 0x000002b325b45e1a to 0x000002b325b46014
Event: 1.950 Thread 0x000002b3139cf1e0 Implicit null exception at 0x000002b325b5963d to 0x000002b325b596bd
Event: 2.261 Thread 0x000002b3139cf1e0 Exception <a 'java/lang/NoSuchMethodError'{0x00000000eb2d25a8}: 'int java.lang.invoke.DirectMethodHandle$Holder.invokeVirtual(java.lang.Object, java.lang.Object)'> (0x00000000eb2d25a8) 
thrown [s\open\src\hotspot\share\interpreter\linkResolver.cpp, line 774]
Event: 2.929 Thread 0x000002b3139cf1e0 Exception <a 'java/lang/NoSuchMethodError'{0x00000000ebe890e8}: 'int java.lang.invoke.DirectMethodHandle$Holder.invokeStaticInit(java.lang.Object, java.lang.Object, java.lang.Object, java.lang.Object)'> (0x00000000ebe890e8) 
thrown [s\open\src\hotspot\share\interpreter\linkResolver.cpp, line 774]
Event: 2.931 Thread 0x000002b3139cf1e0 Exception <a 'java/lang/IncompatibleClassChangeError'{0x00000000ebe91540}: Found class java.lang.Object, but interface was expected> (0x00000000ebe91540) 
thrown [s\open\src\hotspot\share\interpreter\linkResolver.cpp, line 841]
Event: 2.932 Thread 0x000002b3139cf1e0 Exception <a 'java/lang/NoSuchMethodError'{0x00000000ebe97930}: 'void java.lang.invoke.DirectMethodHandle$Holder.invokeStaticInit(java.lang.Object, java.lang.Object)'> (0x00000000ebe97930) 
thrown [s\open\src\hotspot\share\interpreter\linkResolver.cpp, line 774]
Event: 2.934 Thread 0x000002b3139cf1e0 Exception <a 'java/lang/NoSuchMethodError'{0x00000000ebea1b60}: 'int java.lang.invoke.DirectMethodHandle$Holder.invokeStaticInit(java.lang.Object, java.lang.Object)'> (0x00000000ebea1b60) 
thrown [s\open\src\hotspot\share\interpreter\linkResolver.cpp, line 774]
Event: 3.079 Thread 0x000002b3139cf1e0 Exception <a 'java/lang/NoSuchMethodError'{0x00000000ec0824b0}: 'java.lang.Object java.lang.invoke.DirectMethodHandle$Holder.newInvokeSpecial(java.lang.Object, int, java.lang.Object)'> (0x00000000ec0824b0) 
thrown [s\open\src\hotspot\share\interpreter\linkResolver.cpp, line 774]
Event: 3.164 Thread 0x000002b3139cf1e0 Exception <a 'java/lang/ClassNotFoundException'{0x00000000ec1f3858}: sun/net/www/protocol/plurl/Handler> (0x00000000ec1f3858) 
thrown [s\open\src\hotspot\share\classfile\systemDictionary.cpp, line 313]
Event: 3.187 Thread 0x000002b3139cf1e0 Exception <a 'java/lang/NoSuchMethodError'{0x00000000ec232cb8}: 'void java.lang.invoke.DirectMethodHandle$Holder.invokeSpecial(java.lang.Object, java.lang.Object, java.lang.Object)'> (0x00000000ec232cb8) 
thrown [s\open\src\hotspot\share\interpreter\linkResolver.cpp, line 774]
Event: 4.308 Thread 0x000002b3139cf1e0 Exception <a 'java/lang/UnsatisfiedLinkError'{0x00000000eb8e1758}: 'void org.eclipse.equinox.launcher.JNIBridge._update_splash()'> (0x00000000eb8e1758) 
thrown [s\open\src\hotspot\share\prims\nativeLookup.cpp, line 417]

ZGC Phase Switch (0 events):
No events

VM Operations (20 events):
Event: 1.913 Executing VM operation: HandshakeAllThreads (Deoptimize)
Event: 1.913 Executing VM operation: HandshakeAllThreads (Deoptimize) done
Event: 2.666 Executing VM operation: HandshakeAllThreads (Deoptimize)
Event: 2.666 Executing VM operation: HandshakeAllThreads (Deoptimize) done
Event: 3.018 Executing VM operation: HandshakeAllThreads (Deoptimize)
Event: 3.018 Executing VM operation: HandshakeAllThreads (Deoptimize) done
Event: 3.018 Executing VM operation: Cleanup
Event: 3.018 Executing VM operation: Cleanup done
Event: 3.153 Executing VM operation: HandshakeAllThreads (Deoptimize)
Event: 3.154 Executing VM operation: HandshakeAllThreads (Deoptimize) done
Event: 3.598 Executing VM operation: ParallelGCFailedAllocation (Allocation Failure)
Event: 3.605 Executing VM operation: ParallelGCFailedAllocation (Allocation Failure) done
Event: 4.321 Executing VM operation: HandshakeAllThreads (Deoptimize)
Event: 4.321 Executing VM operation: HandshakeAllThreads (Deoptimize) done
Event: 4.486 Executing VM operation: HandshakeAllThreads (Deoptimize)
Event: 4.486 Executing VM operation: HandshakeAllThreads (Deoptimize) done
Event: 4.616 Executing VM operation: ICBufferFull
Event: 4.617 Executing VM operation: ICBufferFull done
Event: 4.752 Executing VM operation: ParallelGCFailedAllocation (Allocation Failure)
Event: 4.761 Executing VM operation: ParallelGCFailedAllocation (Allocation Failure) done

Events (20 events):
Event: 2.864 Thread 0x000002b37775e910 Thread exited: 0x000002b37775e910
Event: 2.864 Thread 0x000002b3719b4900 Thread exited: 0x000002b3719b4900
Event: 2.991 Thread 0x000002b37791d0e0 Thread added: 0x000002b37791d0e0
Event: 3.614 Thread 0x000002b3779a9a80 Thread added: 0x000002b3779a9a80
Event: 3.618 Thread 0x000002b3779ac870 Thread added: 0x000002b3779ac870
Event: 3.711 Thread 0x000002b3779a42d0 Thread added: 0x000002b3779a42d0
Event: 3.739 Thread 0x000002b377afd980 Thread added: 0x000002b377afd980
Event: 4.289 Thread 0x000002b377afd980 Thread exited: 0x000002b377afd980
Event: 4.305 Thread 0x000002b3779aae30 Thread added: 0x000002b3779aae30
Event: 4.496 Thread 0x000002b3779ab4c0 Thread added: 0x000002b3779ab4c0
Event: 4.496 Thread 0x000002b3779aa110 Thread added: 0x000002b3779aa110
Event: 4.496 Thread 0x000002b3779abb50 Thread added: 0x000002b3779abb50
Event: 4.497 Thread 0x000002b3779acf00 Thread added: 0x000002b3779acf00
Event: 4.497 Thread 0x000002b3779ac1e0 Thread added: 0x000002b3779ac1e0
Event: 4.498 Thread 0x000002b3779aa7a0 Thread added: 0x000002b3779aa7a0
Event: 4.498 Thread 0x000002b377c9d230 Thread added: 0x000002b377c9d230
Event: 4.498 Thread 0x000002b377c9ec70 Thread added: 0x000002b377c9ec70
Event: 4.499 Thread 0x000002b377c9cba0 Thread added: 0x000002b377c9cba0
Event: 4.499 Thread 0x000002b377c9d8c0 Thread added: 0x000002b377c9d8c0
Event: 4.586 Thread 0x000002b377b284e0 Thread added: 0x000002b377b284e0


Dynamic libraries:
0x00007ff61c250000 - 0x00007ff61c260000 	C:\Program Files\Java\jdk-22\bin\java.exe
0x00007ffb2b740000 - 0x00007ffb2b9a8000 	C:\WINDOWS\SYSTEM32\ntdll.dll
0x00007ffb2aa20000 - 0x00007ffb2aae9000 	C:\WINDOWS\System32\KERNEL32.DLL
0x00007ffb28b50000 - 0x00007ffb28f3d000 	C:\WINDOWS\System32\KERNELBASE.dll
0x00007ffb29150000 - 0x00007ffb2929b000 	C:\WINDOWS\System32\ucrtbase.dll
0x00007ffae5b50000 - 0x00007ffae5b6b000 	C:\Program Files\Java\jdk-22\bin\VCRUNTIME140.dll
0x00007ffae5ed0000 - 0x00007ffae5ee7000 	C:\Program Files\Java\jdk-22\bin\jli.dll
0x00007ffb2aaf0000 - 0x00007ffb2aba4000 	C:\WINDOWS\System32\ADVAPI32.dll
0x00007ffb2a370000 - 0x00007ffb2a419000 	C:\WINDOWS\System32\msvcrt.dll
0x00007ffb29e40000 - 0x00007ffb29ee6000 	C:\WINDOWS\System32\sechost.dll
0x00007ffb294e0000 - 0x00007ffb295f8000 	C:\WINDOWS\System32\RPCRT4.dll
0x00007ffb2aca0000 - 0x00007ffb2ae6c000 	C:\WINDOWS\System32\USER32.dll
0x00007ffb28fe0000 - 0x00007ffb29007000 	C:\WINDOWS\System32\win32u.dll
0x00007ffb13950000 - 0x00007ffb13bea000 	C:\WINDOWS\WinSxS\amd64_microsoft.windows.common-controls_6595b64144ccf1df_6.0.26100.4484_none_3e0e6d4ce32ef3b3\COMCTL32.dll
0x00007ffb29e10000 - 0x00007ffb29e3b000 	C:\WINDOWS\System32\GDI32.dll
0x00007ffb28890000 - 0x00007ffb289c7000 	C:\WINDOWS\System32\gdi32full.dll
0x00007ffb290a0000 - 0x00007ffb29143000 	C:\WINDOWS\System32\msvcp_win.dll
0x00007ffb20fc0000 - 0x00007ffb20fcb000 	C:\WINDOWS\SYSTEM32\VERSION.dll
0x00007ffb2a840000 - 0x00007ffb2a86f000 	C:\WINDOWS\System32\IMM32.DLL
0x00007ffaf06b0000 - 0x00007ffaf06bc000 	C:\Program Files\Java\jdk-22\bin\vcruntime140_1.dll
0x00007ffab38f0000 - 0x00007ffab397e000 	C:\Program Files\Java\jdk-22\bin\msvcp140.dll
0x00007ffa661b0000 - 0x00007ffa66ef7000 	C:\Program Files\Java\jdk-22\bin\server\jvm.dll
0x00007ffb2a190000 - 0x00007ffb2a204000 	C:\WINDOWS\System32\WS2_32.dll
0x00007ffb286e0000 - 0x00007ffb2873e000 	C:\WINDOWS\SYSTEM32\POWRPROF.dll
0x00007ffb25250000 - 0x00007ffb25285000 	C:\WINDOWS\SYSTEM32\WINMM.dll
0x00007ffb28610000 - 0x00007ffb28624000 	C:\WINDOWS\SYSTEM32\UMPDC.dll
0x00007ffb27640000 - 0x00007ffb2765b000 	C:\WINDOWS\SYSTEM32\kernel.appcore.dll
0x00007ffaf03f0000 - 0x00007ffaf03fa000 	C:\Program Files\Java\jdk-22\bin\jimage.dll
0x00007ffb25f40000 - 0x00007ffb26181000 	C:\WINDOWS\SYSTEM32\DBGHELP.DLL
0x00007ffb2a4b0000 - 0x00007ffb2a836000 	C:\WINDOWS\System32\combase.dll
0x00007ffb2abb0000 - 0x00007ffb2ac90000 	C:\WINDOWS\System32\OLEAUT32.dll
0x00007ffb25200000 - 0x00007ffb25243000 	C:\WINDOWS\SYSTEM32\dbgcore.DLL
0x00007ffb28f40000 - 0x00007ffb28fd9000 	C:\WINDOWS\System32\bcryptPrimitives.dll
0x00007ffb18d20000 - 0x00007ffb18d2f000 	C:\Program Files\Java\jdk-22\bin\instrument.dll
0x00007ffae53e0000 - 0x00007ffae53fe000 	C:\Program Files\Java\jdk-22\bin\java.dll
0x00007ffb2afb0000 - 0x00007ffb2b6fa000 	C:\WINDOWS\System32\SHELL32.dll
0x00007ffb289d0000 - 0x00007ffb28b44000 	C:\WINDOWS\System32\wintypes.dll
0x00007ffb29fe0000 - 0x00007ffb2a17e000 	C:\WINDOWS\System32\ole32.dll
0x00007ffb264c0000 - 0x00007ffb26d1b000 	C:\WINDOWS\SYSTEM32\windows.storage.dll
0x00007ffb2aea0000 - 0x00007ffb2af95000 	C:\WINDOWS\System32\SHCORE.dll
0x00007ffb29f70000 - 0x00007ffb29fda000 	C:\WINDOWS\System32\shlwapi.dll
0x00007ffb287a0000 - 0x00007ffb287cf000 	C:\WINDOWS\SYSTEM32\profapi.dll
0x00007ffa95540000 - 0x00007ffa95617000 	C:\Program Files\Java\jdk-22\bin\jsvml.dll
0x00007ffae4f20000 - 0x00007ffae4f37000 	C:\Program Files\Java\jdk-22\bin\zip.dll
0x00007ffaeb2b0000 - 0x00007ffaeb2c0000 	C:\Program Files\Java\jdk-22\bin\net.dll
0x00007ffb27bc0000 - 0x00007ffb27c2a000 	C:\WINDOWS\system32\mswsock.dll
0x00007ffae4f40000 - 0x00007ffae4f56000 	C:\Program Files\Java\jdk-22\bin\nio.dll
0x00007ffb14650000 - 0x00007ffb14660000 	C:\Program Files\Java\jdk-22\bin\verify.dll
0x00007ffab45e0000 - 0x00007ffab4625000 	C:\Users\boris\AppData\Roaming\Code\User\globalStorage\redhat.java\1.43.1\config_ss_win\org.eclipse.equinox.launcher\org.eclipse.equinox.launcher.win32.win32.x86_64_1.2.1300.v20250331-1702\eclipse_11911.dll

dbghelp: loaded successfully - version: 4.0.5 - missing functions: none
symbol engine: initialized successfully - sym options: 0x614 - pdb path: .;C:\Program Files\Java\jdk-22\bin;C:\WINDOWS\SYSTEM32;C:\WINDOWS\WinSxS\amd64_microsoft.windows.common-controls_6595b64144ccf1df_6.0.26100.4484_none_3e0e6d4ce32ef3b3;C:\Program Files\Java\jdk-22\bin\server;C:\Users\boris\AppData\Roaming\Code\User\globalStorage\redhat.java\1.43.1\config_ss_win\org.eclipse.equinox.launcher\org.eclipse.equinox.launcher.win32.win32.x86_64_1.2.1300.v20250331-1702

VM Arguments:
jvm_args: --add-modules=ALL-SYSTEM --add-opens=java.base/java.util=ALL-UNNAMED --add-opens=java.base/java.lang=ALL-UNNAMED --add-opens=java.base/sun.nio.fs=ALL-UNNAMED -Declipse.application=org.eclipse.jdt.ls.core.id1 -Dosgi.bundles.defaultStartLevel=4 -Declipse.product=org.eclipse.jdt.ls.core.product -Djava.import.generatesMetadataFilesAtProjectRoot=false -DDetectVMInstallationsJob.disabled=true -Dfile.encoding=utf8 -Xlog:disable -XX:+UseParallelGC -XX:GCTimeRatio=4 -XX:AdaptiveSizePolicyWeight=90 -Dsun.zip.disableMemoryMapping=true -Xmx1G -Xms100m -javaagent:c:\Users\boris\.vscode\extensions\redhat.java-1.43.1\lombok\lombok-1.18.39-4050.jar 
java_command: c:\Users\boris\.vscode\extensions\redhat.java-1.43.1\server\plugins\org.eclipse.equinox.launcher_1.7.0.v20250519-0528.jar -configuration c:\Users\boris\AppData\Roaming\Code\User\globalStorage\redhat.java\1.43.1\config_ss_win -data c:\Users\boris\AppData\Roaming\Code\User\workspaceStorage\5e1fdd7b3f4ec2f9fcfb196862a3b336\redhat.java\ss_ws --pipe=\\.\pipe\lsp-9e57b2e973029e996cc38ad2e9ff39d1-sock
java_class_path (initial): c:\Users\boris\.vscode\extensions\redhat.java-1.43.1\server\plugins\org.eclipse.equinox.launcher_1.7.0.v20250519-0528.jar
Launcher Type: SUN_STANDARD

[Global flags]
     uint AdaptiveSizePolicyWeight                 = 90                                        {product} {command line}
     intx CICompilerCount                          = 12                                        {product} {ergonomic}
     uint GCTimeRatio                              = 4                                         {product} {command line}
   size_t InitialHeapSize                          = 104857600                                 {product} {command line}
   size_t MaxHeapSize                              = 1073741824                                {product} {command line}
   size_t MaxNewSize                               = 357564416                                 {product} {ergonomic}
   size_t MinHeapDeltaBytes                        = 524288                                    {product} {ergonomic}
   size_t MinHeapSize                              = 104857600                                 {product} {command line}
   size_t NewSize                                  = 34603008                                  {product} {ergonomic}
    uintx NonNMethodCodeHeapSize                   = 7602480                                {pd product} {ergonomic}
    uintx NonProfiledCodeHeapSize                  = 122027880                              {pd product} {ergonomic}
   size_t OldSize                                  = 70254592                                  {product} {ergonomic}
    uintx ProfiledCodeHeapSize                     = 122027880                              {pd product} {ergonomic}
    uintx ReservedCodeCacheSize                    = 251658240                              {pd product} {ergonomic}
     bool SegmentedCodeCache                       = true                                      {product} {ergonomic}
   size_t SoftMaxHeapSize                          = 1073741824                             {manageable} {ergonomic}
     bool UseCompressedOops                        = true                           {product lp64_product} {ergonomic}
     bool UseLargePagesIndividualAllocation        = false                                  {pd product} {ergonomic}
     bool UseParallelGC                            = true                                      {product} {command line}

Logging:
Log output configuration:
 #0: stdout all=off uptime,level,tags foldmultilines=false
 #1: stderr all=off uptime,level,tags foldmultilines=false

Environment Variables:
JAVA_HOME=C:\Program Files\Java\jdk-22
PATH=C:\Users\boris\AppData\Local\cloud-code\installer\google-cloud-sdk\bin;C:\Program Files\Java\jdk-24\bin;C:\Program Files\kotlinc\bin;C:\Program Files\Java\jdk-22\bin;C:\Program Files\Java\jdk-20\bin;C:\Program Files\Common Files\Oracle\Java\javapath;C:\Program Files\Microsoft\jdk-11.0.12.7-hotspot\bin;C:\app\boris\product\12.1.0\dbhome_1\bin;C:\Program Files\Java\jdk1.8.0_131\bin;C:\Program Files\Java\jdk1.8.0_131\jre\bin;C:\Users\boris\AppData\Local\Programs\Python\Python312\Scripts\;C:\Users\boris\AppData\Local\Programs\Python\Python312\;C:\Users\boris\AppData\Local\Programs\Python\Python311\Scripts\;C:\Users\boris\AppData\Local\Programs\Python\Python311\;C:\Users\boris\AppData\Roaming\Python\Python37\Scripts;C:\Users\boris\AppData\Roaming\Python\Python37\;C:\ProgramData\Anaconda3;C:\ProgramData\Anaconda3\Library\mingw-w64\bin;C:\ProgramData\Anaconda3\Library\usr\bin;C:\ProgramData\Anaconda3\Library\bin;C:\ProgramData\Anaconda3\Scripts\remove_this_word;C:\WINDOWS\system32;C:\WINDOWS;C:\WINDOWS\System32\Wbem;C:\WINDOWS\System32\WindowsPowerShell\v1.0\;C:\WINDOWS\System32\OpenSSH\;C:\cygwin64\bin;C:\Users\boris\Videos\flutter\bin;C:\Program Files\dotnet\;C:\Program Files\CMake\bin;C:\Program Files\apache-maven-3.8.4\bin;C:\xampp;C:\artifacts(WIX);C:\Program Files\Git\cmd;C:\Users\boris\Documents\NGROK;C:\WINDOWS\system32;C:\WINDOWS;C:\WINDOWS\System32\Wbem;C:\WINDOWS\System32\WindowsPowerShell\v1.0\;C:\WINDOWS\System32\OpenSSH\;C:\Program Files\heroku\bin;C:\Program Files\PuTTY\;C:\Program Files\PostgreSQL\16\bin;C:\Program Files\nodejs\;C:\Program Files (x86)\Incredibuild;C:\Program Files (x86)\Windows Kits\10\Windows Performance Toolkit\;C:\Program Files\Java\jdk-24\bin;C:\Program Files\kotlinc\bin;C:\Program Files\Java\jdk-22\bin;C:\Users\boris\AppData\Local\Programs\Python\Launcher\;C:\Users\boris\AppData\Local\Programs\Python\Python312\Scripts\;C:\Users\boris\AppData\Local\Programs\Python\Python312\;C:\Users\boris\AppData\Local\Programs\Python\Python311\Scripts\;C:\Users\boris\AppData\Local\Programs\Python\Python311\;C:\Users\boris\AppData\Roaming\Python\Python37\Scripts;C:\Users\boris\AppData\Roaming\Python\Python37\;C:\Program Files\Java\jdk-20\bin;C:\Users\boris\AppData\Roaming\nvm;C:\Users\boris\AppData\Local\Microsoft\WindowsApps;C:\cygwin64\bin;C:\Users\boris\Videos\flutter\bin;C:\Users\boris\AppData\Local\Programs\Microsoft VS Code\bin;C:\Users\boris\AppData\Local\Programs\Python\Python39\Scripts\;C:\Users\boris\AppData\Local\Programs\Python\Python39\;C:\Users\boris\AppData\Roaming\Composer\vendor\bin;C:\Users\boris\AppData\Local\GitHubDesktop\bin;C:\Program Files\Java\jdk1.8.0_131\bin;C:\Program Files\Java\jdk1.8.0_131\jre\bin;C:\Users\boris\AppData\Local\Android\Sdk\platform-tools;C:\artifacts(WIX);C:\Users\boris\.dotnet\tools;C:\ProgramData\chocolatey\bin;C:\Users\boris\.dotnet\tools;C:\Program Files (x86)\WiX Toolset v3.11\bin;C:\Users\boris\Documents\NGROK;C:\Users\boris\AppData\Local\Microsoft\WindowsApps;C:\Program Files\PostgreSQL\15\bin;C:\Program Files\PostgreSQL\16\bin;C:\Users\boris\Documents\Flutter\flutter\bin;C:\Users\boris\AppData\Local\Microsoft\WinGet\Packages\Schniz.fnm_Microsoft.Winget.Source_8wekyb3d8bbwe;C:\Users\boris\AppData\Roaming\npm;
USERNAME=boris
OS=Windows_NT
PROCESSOR_IDENTIFIER=AMD64 Family 23 Model 104 Stepping 1, AuthenticAMD
TMP=C:\Users\boris\AppData\Local\Temp
TEMP=C:\Users\boris\AppData\Local\Temp




Periodic native trim disabled

---------------  S Y S T E M  ---------------

OS:
 Windows 11 , 64 bit Build 26100 (10.0.26100.4484)
OS uptime: 2 days 14:38 hours
Hyper-V role detected

CPU: total 16 (initial active 16) (16 cores per cpu, 2 threads per core) family 23 model 104 stepping 1 microcode 0x8608109, cx8, cmov, fxsr, ht, mmx, 3dnowpref, sse, sse2, sse3, ssse3, sse4a, sse4.1, sse4.2, popcnt, lzcnt, tsc, tscinvbit, avx, avx2, aes, clmul, bmi1, bmi2, adx, sha, fma, vzeroupper, clflush, clflushopt, hv, rdtscp, rdpid, f16c
Processor Information for all 16 processors :
  Max Mhz: 1801, Current Mhz: 1801, Mhz Limit: 1801

Memory: 4k page, system-wide physical 15720M (923M free)
TotalPageFile size 45582M (AvailPageFile size 207M)
current process WorkingSet (physical memory assigned to process): 108M, peak: 108M
current process commit charge ("private bytes"): 236M, peak: 236M

vm_info: Java HotSpot(TM) 64-Bit Server VM (22.0.1+8-16) for windows-amd64 JRE (22.0.1+8-16), built on 2024-03-12T10:33:16Z by "mach5one" with MS VC++ 17.6 (VS2022)

END.
